DEBUG:urllib3.connectionpool:Starting new HTTPS connection (1): api.telegram.org:443
DEBUG:urllib3.connectionpool:https://api.telegram.org:443 "GET /bot6894590485:AAH6DZrn9Choz21sw0a2F94ZX5Avle3jzfc/getMe HTTP/1.1" 200 201
DEBUG:urllib3.connectionpool:Starting new HTTPS connection (1): api.telegram.org:443
DEBUG:urllib3.connectionpool:https://api.telegram.org:443 "GET /bot6894590485:AAH6DZrn9Choz21sw0a2F94ZX5Avle3jzfc/getUpdates?offset=1&timeout=20 HTTP/1.1" 200 416
DEBUG:urllib3.connectionpool:https://api.telegram.org:443 "GET /bot6894590485:AAH6DZrn9Choz21sw0a2F94ZX5Avle3jzfc/getUpdates?offset=372767559&timeout=20 HTTP/1.1" 200 382
DEBUG:urllib3.connectionpool:Starting new HTTPS connection (1): api.telegram.org:443
DEBUG:urllib3.connectionpool:https://api.telegram.org:443 "POST /bot6894590485:AAH6DZrn9Choz21sw0a2F94ZX5Avle3jzfc/sendMessage?chat_id=-1002121033662&text=Welcome%21+I+am+your+bot+moderator.&reply_to_message_id=278 HTTP/1.1" 200 630
DEBUG:urllib3.connectionpool:https://api.telegram.org:443 "GET /bot6894590485:AAH6DZrn9Choz21sw0a2F94ZX5Avle3jzfc/getUpdates?offset=372767560&timeout=20 HTTP/1.1" 200 987
DEBUG:root:Step check_if_ad passed
DEBUG:urllib3.connectionpool:Starting new HTTPS connection (1): api.telegram.org:443
DEBUG:urllib3.connectionpool:https://api.telegram.org:443 "POST /bot6894590485:AAH6DZrn9Choz21sw0a2F94ZX5Avle3jzfc/sendMessage?chat_id=706728056&text=No+date HTTP/1.1" 200 285
DEBUG:urllib3.connectionpool:https://api.telegram.org:443 "GET /bot6894590485:AAH6DZrn9Choz21sw0a2F94ZX5Avle3jzfc/getUpdates?offset=372767561&timeout=20 HTTP/1.1" 200 987
DEBUG:root:Step check_if_ad passed
DEBUG:urllib3.connectionpool:https://api.telegram.org:443 "POST /bot6894590485:AAH6DZrn9Choz21sw0a2F94ZX5Avle3jzfc/sendMessage?chat_id=706728056&text=No+date HTTP/1.1" 200 285
DEBUG:urllib3.connectionpool:https://api.telegram.org:443 "GET /bot6894590485:AAH6DZrn9Choz21sw0a2F94ZX5Avle3jzfc/getUpdates?offset=372767562&timeout=20 HTTP/1.1" 200 23
DEBUG:urllib3.connectionpool:https://api.telegram.org:443 "GET /bot6894590485:AAH6DZrn9Choz21sw0a2F94ZX5Avle3jzfc/getUpdates?offset=372767562&timeout=20 HTTP/1.1" 200 23
DEBUG:urllib3.connectionpool:https://api.telegram.org:443 "GET /bot6894590485:AAH6DZrn9Choz21sw0a2F94ZX5Avle3jzfc/getUpdates?offset=372767562&timeout=20 HTTP/1.1" 200 23
DEBUG:urllib3.connectionpool:https://api.telegram.org:443 "GET /bot6894590485:AAH6DZrn9Choz21sw0a2F94ZX5Avle3jzfc/getUpdates?offset=372767562&timeout=20 HTTP/1.1" 200 23
DEBUG:urllib3.connectionpool:Starting new HTTPS connection (1): api.telegram.org:443
DEBUG:urllib3.connectionpool:https://api.telegram.org:443 "GET /bot6894590485:AAH6DZrn9Choz21sw0a2F94ZX5Avle3jzfc/getMe HTTP/1.1" 200 201
DEBUG:urllib3.connectionpool:Starting new HTTPS connection (1): api.telegram.org:443
DEBUG:urllib3.connectionpool:https://api.telegram.org:443 "GET /bot6894590485:AAH6DZrn9Choz21sw0a2F94ZX5Avle3jzfc/getUpdates?offset=1&timeout=20 HTTP/1.1" 200 382
DEBUG:urllib3.connectionpool:Starting new HTTPS connection (1): api.telegram.org:443
DEBUG:urllib3.connectionpool:https://api.telegram.org:443 "POST /bot6894590485:AAH6DZrn9Choz21sw0a2F94ZX5Avle3jzfc/sendMessage?chat_id=-1002121033662&text=Welcome%21+I+am+your+bot+moderator.&reply_to_message_id=282 HTTP/1.1" 200 630
DEBUG:urllib3.connectionpool:https://api.telegram.org:443 "GET /bot6894590485:AAH6DZrn9Choz21sw0a2F94ZX5Avle3jzfc/getUpdates?offset=372767563&timeout=20 HTTP/1.1" 200 987
DEBUG:root:Step check_if_ad passed
DEBUG:urllib3.connectionpool:Starting new HTTPS connection (1): api.telegram.org:443
DEBUG:urllib3.connectionpool:https://api.telegram.org:443 "POST /bot6894590485:AAH6DZrn9Choz21sw0a2F94ZX5Avle3jzfc/sendMessage?chat_id=706728056&text=No+date HTTP/1.1" 200 285
DEBUG:urllib3.connectionpool:https://api.telegram.org:443 "GET /bot6894590485:AAH6DZrn9Choz21sw0a2F94ZX5Avle3jzfc/getUpdates?offset=372767564&timeout=20 HTTP/1.1" 200 987
DEBUG:root:Step check_if_ad passed
DEBUG:urllib3.connectionpool:https://api.telegram.org:443 "POST /bot6894590485:AAH6DZrn9Choz21sw0a2F94ZX5Avle3jzfc/sendMessage?chat_id=706728056&text=No+date HTTP/1.1" 200 285
DEBUG:urllib3.connectionpool:https://api.telegram.org:443 "GET /bot6894590485:AAH6DZrn9Choz21sw0a2F94ZX5Avle3jzfc/getUpdates?offset=372767565&timeout=20 HTTP/1.1" 200 987
DEBUG:root:Step check_if_ad passed
DEBUG:urllib3.connectionpool:https://api.telegram.org:443 "POST /bot6894590485:AAH6DZrn9Choz21sw0a2F94ZX5Avle3jzfc/sendMessage?chat_id=706728056&text=No+date HTTP/1.1" 200 285
DEBUG:urllib3.connectionpool:https://api.telegram.org:443 "GET /bot6894590485:AAH6DZrn9Choz21sw0a2F94ZX5Avle3jzfc/getUpdates?offset=372767566&timeout=20 HTTP/1.1" 200 23
DEBUG:urllib3.connectionpool:https://api.telegram.org:443 "GET /bot6894590485:AAH6DZrn9Choz21sw0a2F94ZX5Avle3jzfc/getUpdates?offset=372767566&timeout=20 HTTP/1.1" 200 23
DEBUG:urllib3.connectionpool:https://api.telegram.org:443 "GET /bot6894590485:AAH6DZrn9Choz21sw0a2F94ZX5Avle3jzfc/getUpdates?offset=372767566&timeout=20 HTTP/1.1" 200 23
DEBUG:urllib3.connectionpool:https://api.telegram.org:443 "GET /bot6894590485:AAH6DZrn9Choz21sw0a2F94ZX5Avle3jzfc/getUpdates?offset=372767566&timeout=20 HTTP/1.1" 200 23
DEBUG:urllib3.connectionpool:https://api.telegram.org:443 "GET /bot6894590485:AAH6DZrn9Choz21sw0a2F94ZX5Avle3jzfc/getUpdates?offset=372767566&timeout=20 HTTP/1.1" 200 23
DEBUG:urllib3.connectionpool:https://api.telegram.org:443 "GET /bot6894590485:AAH6DZrn9Choz21sw0a2F94ZX5Avle3jzfc/getUpdates?offset=372767566&timeout=20 HTTP/1.1" 200 23
DEBUG:urllib3.connectionpool:https://api.telegram.org:443 "GET /bot6894590485:AAH6DZrn9Choz21sw0a2F94ZX5Avle3jzfc/getUpdates?offset=372767566&timeout=20 HTTP/1.1" 200 23
DEBUG:urllib3.connectionpool:https://api.telegram.org:443 "GET /bot6894590485:AAH6DZrn9Choz21sw0a2F94ZX5Avle3jzfc/getUpdates?offset=372767566&timeout=20 HTTP/1.1" 200 23
DEBUG:urllib3.connectionpool:Starting new HTTPS connection (1): api.telegram.org:443
DEBUG:urllib3.connectionpool:https://api.telegram.org:443 "GET /bot6894590485:AAH6DZrn9Choz21sw0a2F94ZX5Avle3jzfc/getMe HTTP/1.1" 200 201
DEBUG:urllib3.connectionpool:Starting new HTTPS connection (1): api.telegram.org:443
DEBUG:urllib3.connectionpool:https://api.telegram.org:443 "GET /bot6894590485:AAH6DZrn9Choz21sw0a2F94ZX5Avle3jzfc/getUpdates?offset=1&timeout=20 HTTP/1.1" 200 987
DEBUG:root:Step check_if_ad passed
DEBUG:urllib3.connectionpool:https://api.telegram.org:443 "GET /bot6894590485:AAH6DZrn9Choz21sw0a2F94ZX5Avle3jzfc/getUpdates?offset=372767567&timeout=20 HTTP/1.1" 200 987
DEBUG:root:Step check_if_ad passed
DEBUG:urllib3.connectionpool:Starting new HTTPS connection (1): api.telegram.org:443
DEBUG:urllib3.connectionpool:https://api.telegram.org:443 "POST /bot6894590485:AAH6DZrn9Choz21sw0a2F94ZX5Avle3jzfc/sendMessage?chat_id=706728056&text=Duplicate%3A%0A%0A%281%2C+%27%40andrey_ballakh%27%2C+%27%D0%A0%D0%B5%D0%BA%D0%BB%D0%B0%D0%BC%D0%B0%21%5Cn%D0%92%D1%81%D1%96%D0%BC+%D0%BF%D1%80%D0%B8%D0%B2%D1%96%D1%82%21+%D0%9F%D1%80%D0%BE%D0%B4%D0%B0%D1%8E+%D0%BA%D1%83%D1%88%D0%B5%D1%82%D0%BA%D1%83%2C+%D0%B1%D1%83%D0%BB%D0%B0+%D0%BC%D0%B0%D0%BB%D0%BE+%D0%B2+%D0%B2%D0%B8%D0%BA%D0%BE%D1%80%D0%B8%D1%81%D1%82%D0%B0%D0%BD%D0%BD%D1%96%2C+%D1%8F%D0%BA+%D0%BD%D0%BE%D0%B2%D0%B0.+%D0%A3+%D0%BC%D0%B5%D0%BD%D0%B5+2%2C+%D0%BE%D0%B4%D0%BD%D1%83+%D0%BF%D1%80%D0%BE%D0%B4%D0%B0%D1%8E+%D0%B2+%D0%B4%D0%BE%D0%B1%D1%80%D1%96+%D1%80%D1%83%D0%BA%D0%B8.%5Cxa0+%D0%9A%D0%BE%D0%B3%D0%BE+%D1%86%D1%96%D0%BA%D0%B0%D0%B2%D0%B8%D1%82%D1%8C+%D0%BF%D0%B8%D1%82%D0%B0%D0%BD%D0%BD%D1%8F+%D0%B2+%D0%B4%D1%96%D1%80%D0%B5%D0%BA%D1%82.%27%2C+%272023-11-21+21%3A03%3A27%27%2C+%272023-11-28+21%3A03%3A27%27%2C+%271700600667%27%29 HTTP/1.1" 200 1121
DEBUG:root:step check_text_and_data DUBLICATE passed
DEBUG:urllib3.connectionpool:https://api.telegram.org:443 "POST /bot6894590485:AAH6DZrn9Choz21sw0a2F94ZX5Avle3jzfc/sendMessage?chat_id=706728056&text=%D0%A0%D0%B5%D0%BA%D0%BB%D0%B0%D0%BC%D0%B0%21%0A%D0%92%D1%81%D1%96%D0%BC+%D0%BF%D1%80%D0%B8%D0%B2%D1%96%D1%82%21+%D0%9F%D1%80%D0%BE%D0%B4%D0%B0%D1%8E+%D0%BA%D1%83%D1%88%D0%B5%D1%82%D0%BA%D1%83%2C+%D0%B1%D1%83%D0%BB%D0%B0+%D0%BC%D0%B0%D0%BB%D0%BE+%D0%B2+%D0%B2%D0%B8%D0%BA%D0%BE%D1%80%D0%B8%D1%81%D1%82%D0%B0%D0%BD%D0%BD%D1%96%2C+%D1%8F%D0%BA+%D0%BD%D0%BE%D0%B2%D0%B0.+%D0%A3+%D0%BC%D0%B5%D0%BD%D0%B5+2%2C+%D0%BE%D0%B4%D0%BD%D1%83+%D0%BF%D1%80%D0%BE%D0%B4%D0%B0%D1%8E+%D0%B2+%D0%B4%D0%BE%D0%B1%D1%80%D1%96+%D1%80%D1%83%D0%BA%D0%B8.%C2%A0+%D0%9A%D0%BE%D0%B3%D0%BE+%D1%86%D1%96%D0%BA%D0%B0%D0%B2%D0%B8%D1%82%D1%8C+%D0%BF%D0%B8%D1%82%D0%B0%D0%BD%D0%BD%D1%8F+%D0%B2+%D0%B4%D1%96%D1%80%D0%B5%D0%BA%D1%82.%0Afrom+user+%40andrey_ballakh+need+to+be+deleted HTTP/1.1" 200 1068
DEBUG:root:Step delete_message passed
DEBUG:urllib3.connectionpool:https://api.telegram.org:443 "GET /bot6894590485:AAH6DZrn9Choz21sw0a2F94ZX5Avle3jzfc/getUpdates?offset=372767568&timeout=20 HTTP/1.1" 200 987
DEBUG:root:Step check_if_ad passed
DEBUG:urllib3.connectionpool:Starting new HTTPS connection (1): api.telegram.org:443
DEBUG:urllib3.connectionpool:https://api.telegram.org:443 "POST /bot6894590485:AAH6DZrn9Choz21sw0a2F94ZX5Avle3jzfc/sendMessage?chat_id=706728056&text=Duplicate%3A%0A%0A%281%2C+%27%40andrey_ballakh%27%2C+%27%D0%A0%D0%B5%D0%BA%D0%BB%D0%B0%D0%BC%D0%B0%21%5Cn%D0%92%D1%81%D1%96%D0%BC+%D0%BF%D1%80%D0%B8%D0%B2%D1%96%D1%82%21+%D0%9F%D1%80%D0%BE%D0%B4%D0%B0%D1%8E+%D0%BA%D1%83%D1%88%D0%B5%D1%82%D0%BA%D1%83%2C+%D0%B1%D1%83%D0%BB%D0%B0+%D0%BC%D0%B0%D0%BB%D0%BE+%D0%B2+%D0%B2%D0%B8%D0%BA%D0%BE%D1%80%D0%B8%D1%81%D1%82%D0%B0%D0%BD%D0%BD%D1%96%2C+%D1%8F%D0%BA+%D0%BD%D0%BE%D0%B2%D0%B0.+%D0%A3+%D0%BC%D0%B5%D0%BD%D0%B5+2%2C+%D0%BE%D0%B4%D0%BD%D1%83+%D0%BF%D1%80%D0%BE%D0%B4%D0%B0%D1%8E+%D0%B2+%D0%B4%D0%BE%D0%B1%D1%80%D1%96+%D1%80%D1%83%D0%BA%D0%B8.%5Cxa0+%D0%9A%D0%BE%D0%B3%D0%BE+%D1%86%D1%96%D0%BA%D0%B0%D0%B2%D0%B8%D1%82%D1%8C+%D0%BF%D0%B8%D1%82%D0%B0%D0%BD%D0%BD%D1%8F+%D0%B2+%D0%B4%D1%96%D1%80%D0%B5%D0%BA%D1%82.%27%2C+%272023-11-21+21%3A03%3A27%27%2C+%272023-11-28+21%3A03%3A27%27%2C+%271700600667%27%29 HTTP/1.1" 200 1121
DEBUG:root:step check_text_and_data DUBLICATE passed
DEBUG:urllib3.connectionpool:https://api.telegram.org:443 "POST /bot6894590485:AAH6DZrn9Choz21sw0a2F94ZX5Avle3jzfc/sendMessage?chat_id=706728056&text=%D0%A0%D0%B5%D0%BA%D0%BB%D0%B0%D0%BC%D0%B0%21%0A%D0%92%D1%81%D1%96%D0%BC+%D0%BF%D1%80%D0%B8%D0%B2%D1%96%D1%82%21+%D0%9F%D1%80%D0%BE%D0%B4%D0%B0%D1%8E+%D0%BA%D1%83%D1%88%D0%B5%D1%82%D0%BA%D1%83%2C+%D0%B1%D1%83%D0%BB%D0%B0+%D0%BC%D0%B0%D0%BB%D0%BE+%D0%B2+%D0%B2%D0%B8%D0%BA%D0%BE%D1%80%D0%B8%D1%81%D1%82%D0%B0%D0%BD%D0%BD%D1%96%2C+%D1%8F%D0%BA+%D0%BD%D0%BE%D0%B2%D0%B0.+%D0%A3+%D0%BC%D0%B5%D0%BD%D0%B5+2%2C+%D0%BE%D0%B4%D0%BD%D1%83+%D0%BF%D1%80%D0%BE%D0%B4%D0%B0%D1%8E+%D0%B2+%D0%B4%D0%BE%D0%B1%D1%80%D1%96+%D1%80%D1%83%D0%BA%D0%B8.%C2%A0+%D0%9A%D0%BE%D0%B3%D0%BE+%D1%86%D1%96%D0%BA%D0%B0%D0%B2%D0%B8%D1%82%D1%8C+%D0%BF%D0%B8%D1%82%D0%B0%D0%BD%D0%BD%D1%8F+%D0%B2+%D0%B4%D1%96%D1%80%D0%B5%D0%BA%D1%82.%0Afrom+user+%40andrey_ballakh+need+to+be+deleted HTTP/1.1" 200 1068
DEBUG:root:Step delete_message passed
DEBUG:urllib3.connectionpool:https://api.telegram.org:443 "GET /bot6894590485:AAH6DZrn9Choz21sw0a2F94ZX5Avle3jzfc/getUpdates?offset=372767569&timeout=20 HTTP/1.1" 200 987
DEBUG:root:Step check_if_ad passed
DEBUG:urllib3.connectionpool:https://api.telegram.org:443 "POST /bot6894590485:AAH6DZrn9Choz21sw0a2F94ZX5Avle3jzfc/sendMessage?chat_id=706728056&text=Duplicate%3A%0A%0A%281%2C+%27%40andrey_ballakh%27%2C+%27%D0%A0%D0%B5%D0%BA%D0%BB%D0%B0%D0%BC%D0%B0%21%5Cn%D0%92%D1%81%D1%96%D0%BC+%D0%BF%D1%80%D0%B8%D0%B2%D1%96%D1%82%21+%D0%9F%D1%80%D0%BE%D0%B4%D0%B0%D1%8E+%D0%BA%D1%83%D1%88%D0%B5%D1%82%D0%BA%D1%83%2C+%D0%B1%D1%83%D0%BB%D0%B0+%D0%BC%D0%B0%D0%BB%D0%BE+%D0%B2+%D0%B2%D0%B8%D0%BA%D0%BE%D1%80%D0%B8%D1%81%D1%82%D0%B0%D0%BD%D0%BD%D1%96%2C+%D1%8F%D0%BA+%D0%BD%D0%BE%D0%B2%D0%B0.+%D0%A3+%D0%BC%D0%B5%D0%BD%D0%B5+2%2C+%D0%BE%D0%B4%D0%BD%D1%83+%D0%BF%D1%80%D0%BE%D0%B4%D0%B0%D1%8E+%D0%B2+%D0%B4%D0%BE%D0%B1%D1%80%D1%96+%D1%80%D1%83%D0%BA%D0%B8.%5Cxa0+%D0%9A%D0%BE%D0%B3%D0%BE+%D1%86%D1%96%D0%BA%D0%B0%D0%B2%D0%B8%D1%82%D1%8C+%D0%BF%D0%B8%D1%82%D0%B0%D0%BD%D0%BD%D1%8F+%D0%B2+%D0%B4%D1%96%D1%80%D0%B5%D0%BA%D1%82.%27%2C+%272023-11-21+21%3A03%3A27%27%2C+%272023-11-28+21%3A03%3A27%27%2C+%271700600667%27%29 HTTP/1.1" 200 1121
DEBUG:root:step check_text_and_data DUBLICATE passed
DEBUG:urllib3.connectionpool:https://api.telegram.org:443 "POST /bot6894590485:AAH6DZrn9Choz21sw0a2F94ZX5Avle3jzfc/sendMessage?chat_id=706728056&text=%D0%A0%D0%B5%D0%BA%D0%BB%D0%B0%D0%BC%D0%B0%21%0A%D0%92%D1%81%D1%96%D0%BC+%D0%BF%D1%80%D0%B8%D0%B2%D1%96%D1%82%21+%D0%9F%D1%80%D0%BE%D0%B4%D0%B0%D1%8E+%D0%BA%D1%83%D1%88%D0%B5%D1%82%D0%BA%D1%83%2C+%D0%B1%D1%83%D0%BB%D0%B0+%D0%BC%D0%B0%D0%BB%D0%BE+%D0%B2+%D0%B2%D0%B8%D0%BA%D0%BE%D1%80%D0%B8%D1%81%D1%82%D0%B0%D0%BD%D0%BD%D1%96%2C+%D1%8F%D0%BA+%D0%BD%D0%BE%D0%B2%D0%B0.+%D0%A3+%D0%BC%D0%B5%D0%BD%D0%B5+2%2C+%D0%BE%D0%B4%D0%BD%D1%83+%D0%BF%D1%80%D0%BE%D0%B4%D0%B0%D1%8E+%D0%B2+%D0%B4%D0%BE%D0%B1%D1%80%D1%96+%D1%80%D1%83%D0%BA%D0%B8.%C2%A0+%D0%9A%D0%BE%D0%B3%D0%BE+%D1%86%D1%96%D0%BA%D0%B0%D0%B2%D0%B8%D1%82%D1%8C+%D0%BF%D0%B8%D1%82%D0%B0%D0%BD%D0%BD%D1%8F+%D0%B2+%D0%B4%D1%96%D1%80%D0%B5%D0%BA%D1%82.%0Afrom+user+%40andrey_ballakh+need+to+be+deleted HTTP/1.1" 200 1068
DEBUG:root:Step delete_message passed
DEBUG:urllib3.connectionpool:https://api.telegram.org:443 "GET /bot6894590485:AAH6DZrn9Choz21sw0a2F94ZX5Avle3jzfc/getUpdates?offset=372767570&timeout=20 HTTP/1.1" 200 23
DEBUG:urllib3.connectionpool:https://api.telegram.org:443 "GET /bot6894590485:AAH6DZrn9Choz21sw0a2F94ZX5Avle3jzfc/getUpdates?offset=372767570&timeout=20 HTTP/1.1" 200 23
DEBUG:urllib3.connectionpool:Starting new HTTPS connection (1): api.telegram.org:443
DEBUG:urllib3.connectionpool:https://api.telegram.org:443 "GET /bot6894590485:AAH6DZrn9Choz21sw0a2F94ZX5Avle3jzfc/getMe HTTP/1.1" 200 201
DEBUG:urllib3.connectionpool:Starting new HTTPS connection (1): api.telegram.org:443
DEBUG:urllib3.connectionpool:https://api.telegram.org:443 "GET /bot6894590485:AAH6DZrn9Choz21sw0a2F94ZX5Avle3jzfc/getUpdates?offset=1&timeout=20 HTTP/1.1" 200 987
DEBUG:root:Step check_if_ad passed
DEBUG:urllib3.connectionpool:https://api.telegram.org:443 "GET /bot6894590485:AAH6DZrn9Choz21sw0a2F94ZX5Avle3jzfc/getUpdates?offset=372767571&timeout=20 HTTP/1.1" 200 987
DEBUG:root:Step check_if_ad passed
DEBUG:urllib3.connectionpool:https://api.telegram.org:443 "GET /bot6894590485:AAH6DZrn9Choz21sw0a2F94ZX5Avle3jzfc/getUpdates?offset=372767572&timeout=20 HTTP/1.1" 200 23
DEBUG:urllib3.connectionpool:https://api.telegram.org:443 "GET /bot6894590485:AAH6DZrn9Choz21sw0a2F94ZX5Avle3jzfc/getUpdates?offset=372767572&timeout=20 HTTP/1.1" 200 23
DEBUG:urllib3.connectionpool:https://api.telegram.org:443 "GET /bot6894590485:AAH6DZrn9Choz21sw0a2F94ZX5Avle3jzfc/getUpdates?offset=372767572&timeout=20 HTTP/1.1" 200 987
DEBUG:root:Step check_if_ad passed
DEBUG:urllib3.connectionpool:https://api.telegram.org:443 "GET /bot6894590485:AAH6DZrn9Choz21sw0a2F94ZX5Avle3jzfc/getUpdates?offset=372767573&timeout=20 HTTP/1.1" 200 987
DEBUG:root:Step check_if_ad passed
DEBUG:urllib3.connectionpool:Starting new HTTPS connection (1): api.telegram.org:443
DEBUG:urllib3.connectionpool:https://api.telegram.org:443 "GET /bot6894590485:AAH6DZrn9Choz21sw0a2F94ZX5Avle3jzfc/getMe HTTP/1.1" 200 201
DEBUG:urllib3.connectionpool:Starting new HTTPS connection (1): api.telegram.org:443
DEBUG:urllib3.connectionpool:https://api.telegram.org:443 "GET /bot6894590485:AAH6DZrn9Choz21sw0a2F94ZX5Avle3jzfc/getUpdates?offset=1&timeout=20 HTTP/1.1" 200 987
DEBUG:root:Step check_if_ad passed
DEBUG:urllib3.connectionpool:https://api.telegram.org:443 "GET /bot6894590485:AAH6DZrn9Choz21sw0a2F94ZX5Avle3jzfc/getUpdates?offset=372767575&timeout=20 HTTP/1.1" 200 987
DEBUG:root:Step check_if_ad passed
DEBUG:urllib3.connectionpool:https://api.telegram.org:443 "GET /bot6894590485:AAH6DZrn9Choz21sw0a2F94ZX5Avle3jzfc/getUpdates?offset=372767576&timeout=20 HTTP/1.1" 200 987
DEBUG:root:Step check_if_ad passed
DEBUG:urllib3.connectionpool:https://api.telegram.org:443 "GET /bot6894590485:AAH6DZrn9Choz21sw0a2F94ZX5Avle3jzfc/getUpdates?offset=372767577&timeout=20 HTTP/1.1" 200 416
DEBUG:urllib3.connectionpool:Starting new HTTPS connection (1): api.telegram.org:443
DEBUG:urllib3.connectionpool:https://api.telegram.org:443 "POST /bot6894590485:AAH6DZrn9Choz21sw0a2F94ZX5Avle3jzfc/sendMessage?chat_id=706728056&text=%281%2C+%27%40andrey_ballakh%27%2C+%27%D0%A0%D0%B5%D0%BA%D0%BB%D0%B0%D0%BC%D0%B0%21%5Cn%D0%92%D1%81%D1%96%D0%BC+%D0%BF%D1%80%D0%B8%D0%B2%D1%96%D1%82%21+%D0%9F%D1%80%D0%BE%D0%B4%D0%B0%D1%8E+%D0%BA%D1%83%D1%88%D0%B5%D1%82%D0%BA%D1%83%2C+%D0%B1%D1%83%D0%BB%D0%B0+%D0%BC%D0%B0%D0%BB%D0%BE+%D0%B2+%D0%B2%D0%B8%D0%BA%D0%BE%D1%80%D0%B8%D1%81%D1%82%D0%B0%D0%BD%D0%BD%D1%96%2C+%D1%8F%D0%BA+%D0%BD%D0%BE%D0%B2%D0%B0.+%D0%A3+%D0%BC%D0%B5%D0%BD%D0%B5+2%2C+%D0%BE%D0%B4%D0%BD%D1%83+%D0%BF%D1%80%D0%BE%D0%B4%D0%B0%D1%8E+%D0%B2+%D0%B4%D0%BE%D0%B1%D1%80%D1%96+%D1%80%D1%83%D0%BA%D0%B8.%5Cxa0+%D0%9A%D0%BE%D0%B3%D0%BE+%D1%86%D1%96%D0%BA%D0%B0%D0%B2%D0%B8%D1%82%D1%8C+%D0%BF%D0%B8%D1%82%D0%B0%D0%BD%D0%BD%D1%8F+%D0%B2+%D0%B4%D1%96%D1%80%D0%B5%D0%BA%D1%82.%27%2C+%272023-11-21+21%3A03%3A27%27%2C+%272023-11-28+21%3A03%3A27%27%2C+%271700600667%27%29 HTTP/1.1" 200 1106
DEBUG:urllib3.connectionpool:https://api.telegram.org:443 "GET /bot6894590485:AAH6DZrn9Choz21sw0a2F94ZX5Avle3jzfc/getUpdates?offset=372767578&timeout=20 HTTP/1.1" 200 1519
DEBUG:root:Step check_if_ad passed
DEBUG:urllib3.connectionpool:https://api.telegram.org:443 "GET /bot6894590485:AAH6DZrn9Choz21sw0a2F94ZX5Avle3jzfc/getUpdates?offset=372767579&timeout=20 HTTP/1.1" 200 1519
DEBUG:root:Step check_if_ad passed
DEBUG:urllib3.connectionpool:https://api.telegram.org:443 "POST /bot6894590485:AAH6DZrn9Choz21sw0a2F94ZX5Avle3jzfc/sendMessage?chat_id=706728056&text=Duplicate%3A%0A%0A%282%2C+%27%40andrey_ballakh%27%2C+%27%D0%A1%D0%B4%D0%B5%D0%BB%D0%B0%D1%8E+%D0%BD%D0%B5+%D1%81%D1%82%D0%B0%D0%BD%D0%B4%D0%B0%D1%80%D1%82%D0%BD%D1%83%D1%8E+%D0%BF%D1%83%D0%B1%D0%BB%D0%B8%D0%BA%D0%B0%D1%86%D0%B8%D1%8E+%D0%B4%D0%BB%D1%8F+%D1%8D%D1%82%D0%BE%D0%B9+%D0%B3%D1%80%D1%83%D0%BF%D0%BF%D1%8B%2C+%D0%BD%D0%BE+%D0%B2%D0%BE%D0%B7%D0%BC%D0%BE%D0%B6%D0%BD%D0%BE+%D0%BE%D0%BD%D0%B0+%D0%B1%D1%83%D0%B4%D0%B5%D1%82+%D0%BF%D0%BE%D0%BB%D0%B5%D0%B7%D0%BD%D0%B0%2C+%D1%82%D0%B5%D0%BC+%D1%87%D1%8C%D0%B8+%D1%80%D0%BE%D0%B4%D1%81%D1%82%D0%B2%D0%B5%D0%BD%D0%BD%D0%B8%D0%BA%D0%B8+%D0%B8+%D0%B4%D1%80%D1%83%D0%B7%D1%8C%D1%8F+%D0%BE%D1%81%D1%82%D0%B0%D0%BB%D0%B8%D1%81%D1%8C+%D0%B2+%D0%A5%D0%B5%D1%80%D1%81%D0%BE%D0%BD%D0%B5.%5Cn%D0%9C%D0%B0%D1%88%D1%83+%D0%B7%D0%BD%D0%B0%D1%8E+%D0%BB%D0%B8%D1%87%D0%BD%D0%BE%2C+%D0%BE%D0%BD%D0%B0+%D0%B4%D0%B5%D0%B9%D1%81%D1%82%D0%B2%D0%B8%D1%82%D0%B5%D0%BB%D1%8C%D0%BD%D0%BE+%D0%BF%D1%80%D0%BE%D1%84%D0%B5%D1%81%D1%81%D0%B8%D0%BE%D0%BD%D0%B0%D0%BB+%D1%81%D0%B2%D0%BE%D0%B5%D0%B3%D0%BE+%D0%B4%D0%B5%D0%BB%D0%B0%2C+%D0%B5%D1%81%D0%BB%D0%B8+%D0%BA%D0%BE%D0%BC%D1%83+%D1%82%D0%BE+%D0%B1%D1%83%D0%B4%D0%B5%D1%82+%D0%BD%D0%B0%D0%B4%D0%BE%2C+%D0%B4%D0%B0%D0%BC+%D0%B5%D0%B5+%D0%BD%D0%BE%D0%BC%D0%B5%D1%80+%D1%82%D0%B5%D0%BB%D0%B5%D1%84%D0%BE%D0%BD%D0%B0%27%2C+%272023-11-21+21%3A06%3A53%27%2C+%272023-11-28+21%3A06%3A53%27%2C+%271700600873%27%29 HTTP/1.1" 200 1654
DEBUG:root:step check_text_and_data DUBLICATE passed
DEBUG:urllib3.connectionpool:https://api.telegram.org:443 "POST /bot6894590485:AAH6DZrn9Choz21sw0a2F94ZX5Avle3jzfc/sendMessage?chat_id=706728056&text=%D0%A1%D0%B4%D0%B5%D0%BB%D0%B0%D1%8E+%D0%BD%D0%B5+%D1%81%D1%82%D0%B0%D0%BD%D0%B4%D0%B0%D1%80%D1%82%D0%BD%D1%83%D1%8E+%D0%BF%D1%83%D0%B1%D0%BB%D0%B8%D0%BA%D0%B0%D1%86%D0%B8%D1%8E+%D0%B4%D0%BB%D1%8F+%D1%8D%D1%82%D0%BE%D0%B9+%D0%B3%D1%80%D1%83%D0%BF%D0%BF%D1%8B%2C+%D0%BD%D0%BE+%D0%B2%D0%BE%D0%B7%D0%BC%D0%BE%D0%B6%D0%BD%D0%BE+%D0%BE%D0%BD%D0%B0+%D0%B1%D1%83%D0%B4%D0%B5%D1%82+%D0%BF%D0%BE%D0%BB%D0%B5%D0%B7%D0%BD%D0%B0%2C+%D1%82%D0%B5%D0%BC+%D1%87%D1%8C%D0%B8+%D1%80%D0%BE%D0%B4%D1%81%D1%82%D0%B2%D0%B5%D0%BD%D0%BD%D0%B8%D0%BA%D0%B8+%D0%B8+%D0%B4%D1%80%D1%83%D0%B7%D1%8C%D1%8F+%D0%BE%D1%81%D1%82%D0%B0%D0%BB%D0%B8%D1%81%D1%8C+%D0%B2+%D0%A5%D0%B5%D1%80%D1%81%D0%BE%D0%BD%D0%B5.%0A%D0%9C%D0%B0%D1%88%D1%83+%D0%B7%D0%BD%D0%B0%D1%8E+%D0%BB%D0%B8%D1%87%D0%BD%D0%BE%2C+%D0%BE%D0%BD%D0%B0+%D0%B4%D0%B5%D0%B9%D1%81%D1%82%D0%B2%D0%B8%D1%82%D0%B5%D0%BB%D1%8C%D0%BD%D0%BE+%D0%BF%D1%80%D0%BE%D1%84%D0%B5%D1%81%D1%81%D0%B8%D0%BE%D0%BD%D0%B0%D0%BB+%D1%81%D0%B2%D0%BE%D0%B5%D0%B3%D0%BE+%D0%B4%D0%B5%D0%BB%D0%B0%2C+%D0%B5%D1%81%D0%BB%D0%B8+%D0%BA%D0%BE%D0%BC%D1%83+%D1%82%D0%BE+%D0%B1%D1%83%D0%B4%D0%B5%D1%82+%D0%BD%D0%B0%D0%B4%D0%BE%2C+%D0%B4%D0%B0%D0%BC+%D0%B5%D0%B5+%D0%BD%D0%BE%D0%BC%D0%B5%D1%80+%D1%82%D0%B5%D0%BB%D0%B5%D1%84%D0%BE%D0%BD%D0%B0%0Afrom+user+%40andrey_ballakh+need+to+be+deleted HTTP/1.1" 200 1600
DEBUG:root:Step delete_message passed
DEBUG:urllib3.connectionpool:https://api.telegram.org:443 "GET /bot6894590485:AAH6DZrn9Choz21sw0a2F94ZX5Avle3jzfc/getUpdates?offset=372767580&timeout=20 HTTP/1.1" 200 23
DEBUG:urllib3.connectionpool:https://api.telegram.org:443 "GET /bot6894590485:AAH6DZrn9Choz21sw0a2F94ZX5Avle3jzfc/getUpdates?offset=372767580&timeout=20 HTTP/1.1" 200 23
DEBUG:urllib3.connectionpool:https://api.telegram.org:443 "GET /bot6894590485:AAH6DZrn9Choz21sw0a2F94ZX5Avle3jzfc/getUpdates?offset=372767580&timeout=20 HTTP/1.1" 200 413
DEBUG:urllib3.connectionpool:Starting new HTTPS connection (1): api.telegram.org:443
DEBUG:urllib3.connectionpool:https://api.telegram.org:443 "POST /bot6894590485:AAH6DZrn9Choz21sw0a2F94ZX5Avle3jzfc/sendMessage?chat_id=706728056&text=Welcome%21+I+am+your+bot+moderator.&reply_to_message_id=388 HTTP/1.1" 200 686
DEBUG:urllib3.connectionpool:https://api.telegram.org:443 "GET /bot6894590485:AAH6DZrn9Choz21sw0a2F94ZX5Avle3jzfc/getUpdates?offset=372767581&timeout=20 HTTP/1.1" 200 987
DEBUG:root:Step check_if_ad passed
DEBUG:urllib3.connectionpool:https://api.telegram.org:443 "GET /bot6894590485:AAH6DZrn9Choz21sw0a2F94ZX5Avle3jzfc/getUpdates?offset=372767582&timeout=20 HTTP/1.1" 200 987
DEBUG:root:Step check_if_ad passed
DEBUG:urllib3.connectionpool:https://api.telegram.org:443 "POST /bot6894590485:AAH6DZrn9Choz21sw0a2F94ZX5Avle3jzfc/sendMessage?chat_id=706728056&text=Duplicate%3A%0A%0A%281%2C+%27%40andrey_ballakh%27%2C+%27%D0%A0%D0%B5%D0%BA%D0%BB%D0%B0%D0%BC%D0%B0%21%5Cn%D0%92%D1%81%D1%96%D0%BC+%D0%BF%D1%80%D0%B8%D0%B2%D1%96%D1%82%21+%D0%9F%D1%80%D0%BE%D0%B4%D0%B0%D1%8E+%D0%BA%D1%83%D1%88%D0%B5%D1%82%D0%BA%D1%83%2C+%D0%B1%D1%83%D0%BB%D0%B0+%D0%BC%D0%B0%D0%BB%D0%BE+%D0%B2+%D0%B2%D0%B8%D0%BA%D0%BE%D1%80%D0%B8%D1%81%D1%82%D0%B0%D0%BD%D0%BD%D1%96%2C+%D1%8F%D0%BA+%D0%BD%D0%BE%D0%B2%D0%B0.+%D0%A3+%D0%BC%D0%B5%D0%BD%D0%B5+2%2C+%D0%BE%D0%B4%D0%BD%D1%83+%D0%BF%D1%80%D0%BE%D0%B4%D0%B0%D1%8E+%D0%B2+%D0%B4%D0%BE%D0%B1%D1%80%D1%96+%D1%80%D1%83%D0%BA%D0%B8.%5Cxa0+%D0%9A%D0%BE%D0%B3%D0%BE+%D1%86%D1%96%D0%BA%D0%B0%D0%B2%D0%B8%D1%82%D1%8C+%D0%BF%D0%B8%D1%82%D0%B0%D0%BD%D0%BD%D1%8F+%D0%B2+%D0%B4%D1%96%D1%80%D0%B5%D0%BA%D1%82.%27%2C+%272023-11-21+21%3A07%3A40%27%2C+%272023-11-28+21%3A07%3A40%27%2C+%271700600920%27%29 HTTP/1.1" 200 1121
DEBUG:root:step check_text_and_data DUBLICATE passed
DEBUG:urllib3.connectionpool:https://api.telegram.org:443 "POST /bot6894590485:AAH6DZrn9Choz21sw0a2F94ZX5Avle3jzfc/sendMessage?chat_id=706728056&text=%D0%A0%D0%B5%D0%BA%D0%BB%D0%B0%D0%BC%D0%B0%21%0A%D0%92%D1%81%D1%96%D0%BC+%D0%BF%D1%80%D0%B8%D0%B2%D1%96%D1%82%21+%D0%9F%D1%80%D0%BE%D0%B4%D0%B0%D1%8E+%D0%BA%D1%83%D1%88%D0%B5%D1%82%D0%BA%D1%83%2C+%D0%B1%D1%83%D0%BB%D0%B0+%D0%BC%D0%B0%D0%BB%D0%BE+%D0%B2+%D0%B2%D0%B8%D0%BA%D0%BE%D1%80%D0%B8%D1%81%D1%82%D0%B0%D0%BD%D0%BD%D1%96%2C+%D1%8F%D0%BA+%D0%BD%D0%BE%D0%B2%D0%B0.+%D0%A3+%D0%BC%D0%B5%D0%BD%D0%B5+2%2C+%D0%BE%D0%B4%D0%BD%D1%83+%D0%BF%D1%80%D0%BE%D0%B4%D0%B0%D1%8E+%D0%B2+%D0%B4%D0%BE%D0%B1%D1%80%D1%96+%D1%80%D1%83%D0%BA%D0%B8.%C2%A0+%D0%9A%D0%BE%D0%B3%D0%BE+%D1%86%D1%96%D0%BA%D0%B0%D0%B2%D0%B8%D1%82%D1%8C+%D0%BF%D0%B8%D1%82%D0%B0%D0%BD%D0%BD%D1%8F+%D0%B2+%D0%B4%D1%96%D1%80%D0%B5%D0%BA%D1%82.%0Afrom+user+%40andrey_ballakh+need+to+be+deleted HTTP/1.1" 200 1068
DEBUG:root:Step delete_message passed
DEBUG:urllib3.connectionpool:https://api.telegram.org:443 "GET /bot6894590485:AAH6DZrn9Choz21sw0a2F94ZX5Avle3jzfc/getUpdates?offset=372767583&timeout=20 HTTP/1.1" 200 23
DEBUG:urllib3.connectionpool:https://api.telegram.org:443 "GET /bot6894590485:AAH6DZrn9Choz21sw0a2F94ZX5Avle3jzfc/getUpdates?offset=372767583&timeout=20 HTTP/1.1" 200 23
DEBUG:urllib3.connectionpool:https://api.telegram.org:443 "GET /bot6894590485:AAH6DZrn9Choz21sw0a2F94ZX5Avle3jzfc/getUpdates?offset=372767583&timeout=20 HTTP/1.1" 200 23
DEBUG:urllib3.connectionpool:https://api.telegram.org:443 "GET /bot6894590485:AAH6DZrn9Choz21sw0a2F94ZX5Avle3jzfc/getUpdates?offset=372767583&timeout=20 HTTP/1.1" 200 23
DEBUG:urllib3.connectionpool:Starting new HTTPS connection (1): api.telegram.org:443
DEBUG:urllib3.connectionpool:https://api.telegram.org:443 "GET /bot6894590485:AAH6DZrn9Choz21sw0a2F94ZX5Avle3jzfc/getMe HTTP/1.1" 200 201
DEBUG:urllib3.connectionpool:Starting new HTTPS connection (1): api.telegram.org:443
DEBUG:urllib3.connectionpool:https://api.telegram.org:443 "GET /bot6894590485:AAH6DZrn9Choz21sw0a2F94ZX5Avle3jzfc/getUpdates?offset=1&timeout=20 HTTP/1.1" 200 987
DEBUG:root:Step check_if_ad passed
DEBUG:urllib3.connectionpool:https://api.telegram.org:443 "GET /bot6894590485:AAH6DZrn9Choz21sw0a2F94ZX5Avle3jzfc/getUpdates?offset=372767584&timeout=20 HTTP/1.1" 200 413
DEBUG:urllib3.connectionpool:Starting new HTTPS connection (1): api.telegram.org:443
DEBUG:urllib3.connectionpool:https://api.telegram.org:443 "POST /bot6894590485:AAH6DZrn9Choz21sw0a2F94ZX5Avle3jzfc/sendMessage?chat_id=706728056&text=Welcome%21+I+am+your+bot+moderator.&reply_to_message_id=392 HTTP/1.1" 200 686
DEBUG:urllib3.connectionpool:https://api.telegram.org:443 "GET /bot6894590485:AAH6DZrn9Choz21sw0a2F94ZX5Avle3jzfc/getUpdates?offset=372767585&timeout=20 HTTP/1.1" 200 987
DEBUG:root:Step check_if_ad passed
DEBUG:urllib3.connectionpool:https://api.telegram.org:443 "GET /bot6894590485:AAH6DZrn9Choz21sw0a2F94ZX5Avle3jzfc/getUpdates?offset=372767586&timeout=20 HTTP/1.1" 200 987
DEBUG:root:Step check_if_ad passed
DEBUG:root:step check_text_and_data DUBLICATE passed
DEBUG:urllib3.connectionpool:Starting new HTTPS connection (1): api.telegram.org:443
DEBUG:urllib3.connectionpool:https://api.telegram.org:443 "POST /bot6894590485:AAH6DZrn9Choz21sw0a2F94ZX5Avle3jzfc/sendMessage?chat_id=706728056&text=%D0%A0%D0%B5%D0%BA%D0%BB%D0%B0%D0%BC%D0%B0%21%0A%D0%92%D1%81%D1%96%D0%BC+%D0%BF%D1%80%D0%B8%D0%B2%D1%96%D1%82%21+%D0%9F%D1%80%D0%BE%D0%B4%D0%B0%D1%8E+%D0%BA%D1%83%D1%88%D0%B5%D1%82%D0%BA%D1%83%2C+%D0%B1%D1%83%D0%BB%D0%B0+%D0%BC%D0%B0%D0%BB%D0%BE+%D0%B2+%D0%B2%D0%B8%D0%BA%D0%BE%D1%80%D0%B8%D1%81%D1%82%D0%B0%D0%BD%D0%BD%D1%96%2C+%D1%8F%D0%BA+%D0%BD%D0%BE%D0%B2%D0%B0.+%D0%A3+%D0%BC%D0%B5%D0%BD%D0%B5+2%2C+%D0%BE%D0%B4%D0%BD%D1%83+%D0%BF%D1%80%D0%BE%D0%B4%D0%B0%D1%8E+%D0%B2+%D0%B4%D0%BE%D0%B1%D1%80%D1%96+%D1%80%D1%83%D0%BA%D0%B8.%C2%A0+%D0%9A%D0%BE%D0%B3%D0%BE+%D1%86%D1%96%D0%BA%D0%B0%D0%B2%D0%B8%D1%82%D1%8C+%D0%BF%D0%B8%D1%82%D0%B0%D0%BD%D0%BD%D1%8F+%D0%B2+%D0%B4%D1%96%D1%80%D0%B5%D0%BA%D1%82.%0A%0Afrom+user+%40andrey_ballakh+need+to+be+deleted HTTP/1.1" 200 1070
DEBUG:root:Step delete_message passed
DEBUG:urllib3.connectionpool:https://api.telegram.org:443 "GET /bot6894590485:AAH6DZrn9Choz21sw0a2F94ZX5Avle3jzfc/getUpdates?offset=372767587&timeout=20 HTTP/1.1" 200 987
DEBUG:root:Step check_if_ad passed
DEBUG:root:step check_text_and_data DUBLICATE passed
DEBUG:urllib3.connectionpool:https://api.telegram.org:443 "POST /bot6894590485:AAH6DZrn9Choz21sw0a2F94ZX5Avle3jzfc/sendMessage?chat_id=706728056&text=%D0%A0%D0%B5%D0%BA%D0%BB%D0%B0%D0%BC%D0%B0%21%0A%D0%92%D1%81%D1%96%D0%BC+%D0%BF%D1%80%D0%B8%D0%B2%D1%96%D1%82%21+%D0%9F%D1%80%D0%BE%D0%B4%D0%B0%D1%8E+%D0%BA%D1%83%D1%88%D0%B5%D1%82%D0%BA%D1%83%2C+%D0%B1%D1%83%D0%BB%D0%B0+%D0%BC%D0%B0%D0%BB%D0%BE+%D0%B2+%D0%B2%D0%B8%D0%BA%D0%BE%D1%80%D0%B8%D1%81%D1%82%D0%B0%D0%BD%D0%BD%D1%96%2C+%D1%8F%D0%BA+%D0%BD%D0%BE%D0%B2%D0%B0.+%D0%A3+%D0%BC%D0%B5%D0%BD%D0%B5+2%2C+%D0%BE%D0%B4%D0%BD%D1%83+%D0%BF%D1%80%D0%BE%D0%B4%D0%B0%D1%8E+%D0%B2+%D0%B4%D0%BE%D0%B1%D1%80%D1%96+%D1%80%D1%83%D0%BA%D0%B8.%C2%A0+%D0%9A%D0%BE%D0%B3%D0%BE+%D1%86%D1%96%D0%BA%D0%B0%D0%B2%D0%B8%D1%82%D1%8C+%D0%BF%D0%B8%D1%82%D0%B0%D0%BD%D0%BD%D1%8F+%D0%B2+%D0%B4%D1%96%D1%80%D0%B5%D0%BA%D1%82.%0A%0Afrom+user+%40andrey_ballakh+need+to+be+deleted HTTP/1.1" 200 1070
DEBUG:root:Step delete_message passed
DEBUG:urllib3.connectionpool:https://api.telegram.org:443 "GET /bot6894590485:AAH6DZrn9Choz21sw0a2F94ZX5Avle3jzfc/getUpdates?offset=372767588&timeout=20 HTTP/1.1" 200 987
DEBUG:root:Step check_if_ad passed
DEBUG:root:step check_text_and_data DUBLICATE passed
DEBUG:urllib3.connectionpool:https://api.telegram.org:443 "POST /bot6894590485:AAH6DZrn9Choz21sw0a2F94ZX5Avle3jzfc/sendMessage?chat_id=706728056&text=%D0%A0%D0%B5%D0%BA%D0%BB%D0%B0%D0%BC%D0%B0%21%0A%D0%92%D1%81%D1%96%D0%BC+%D0%BF%D1%80%D0%B8%D0%B2%D1%96%D1%82%21+%D0%9F%D1%80%D0%BE%D0%B4%D0%B0%D1%8E+%D0%BA%D1%83%D1%88%D0%B5%D1%82%D0%BA%D1%83%2C+%D0%B1%D1%83%D0%BB%D0%B0+%D0%BC%D0%B0%D0%BB%D0%BE+%D0%B2+%D0%B2%D0%B8%D0%BA%D0%BE%D1%80%D0%B8%D1%81%D1%82%D0%B0%D0%BD%D0%BD%D1%96%2C+%D1%8F%D0%BA+%D0%BD%D0%BE%D0%B2%D0%B0.+%D0%A3+%D0%BC%D0%B5%D0%BD%D0%B5+2%2C+%D0%BE%D0%B4%D0%BD%D1%83+%D0%BF%D1%80%D0%BE%D0%B4%D0%B0%D1%8E+%D0%B2+%D0%B4%D0%BE%D0%B1%D1%80%D1%96+%D1%80%D1%83%D0%BA%D0%B8.%C2%A0+%D0%9A%D0%BE%D0%B3%D0%BE+%D1%86%D1%96%D0%BA%D0%B0%D0%B2%D0%B8%D1%82%D1%8C+%D0%BF%D0%B8%D1%82%D0%B0%D0%BD%D0%BD%D1%8F+%D0%B2+%D0%B4%D1%96%D1%80%D0%B5%D0%BA%D1%82.%0A%0Afrom+user+%40andrey_ballakh+need+to+be+deleted HTTP/1.1" 200 1070
DEBUG:root:Step delete_message passed
DEBUG:urllib3.connectionpool:https://api.telegram.org:443 "GET /bot6894590485:AAH6DZrn9Choz21sw0a2F94ZX5Avle3jzfc/getUpdates?offset=372767589&timeout=20 HTTP/1.1" 200 987
DEBUG:root:Step check_if_ad passed
DEBUG:root:step check_text_and_data DUBLICATE passed
DEBUG:urllib3.connectionpool:https://api.telegram.org:443 "POST /bot6894590485:AAH6DZrn9Choz21sw0a2F94ZX5Avle3jzfc/sendMessage?chat_id=706728056&text=%D0%A0%D0%B5%D0%BA%D0%BB%D0%B0%D0%BC%D0%B0%21%0A%D0%92%D1%81%D1%96%D0%BC+%D0%BF%D1%80%D0%B8%D0%B2%D1%96%D1%82%21+%D0%9F%D1%80%D0%BE%D0%B4%D0%B0%D1%8E+%D0%BA%D1%83%D1%88%D0%B5%D1%82%D0%BA%D1%83%2C+%D0%B1%D1%83%D0%BB%D0%B0+%D0%BC%D0%B0%D0%BB%D0%BE+%D0%B2+%D0%B2%D0%B8%D0%BA%D0%BE%D1%80%D0%B8%D1%81%D1%82%D0%B0%D0%BD%D0%BD%D1%96%2C+%D1%8F%D0%BA+%D0%BD%D0%BE%D0%B2%D0%B0.+%D0%A3+%D0%BC%D0%B5%D0%BD%D0%B5+2%2C+%D0%BE%D0%B4%D0%BD%D1%83+%D0%BF%D1%80%D0%BE%D0%B4%D0%B0%D1%8E+%D0%B2+%D0%B4%D0%BE%D0%B1%D1%80%D1%96+%D1%80%D1%83%D0%BA%D0%B8.%C2%A0+%D0%9A%D0%BE%D0%B3%D0%BE+%D1%86%D1%96%D0%BA%D0%B0%D0%B2%D0%B8%D1%82%D1%8C+%D0%BF%D0%B8%D1%82%D0%B0%D0%BD%D0%BD%D1%8F+%D0%B2+%D0%B4%D1%96%D1%80%D0%B5%D0%BA%D1%82.%0A%0Afrom+user+%40andrey_ballakh+need+to+be+deleted HTTP/1.1" 200 1070
DEBUG:root:Step delete_message passed
DEBUG:urllib3.connectionpool:https://api.telegram.org:443 "GET /bot6894590485:AAH6DZrn9Choz21sw0a2F94ZX5Avle3jzfc/getUpdates?offset=372767590&timeout=20 HTTP/1.1" 200 987
DEBUG:root:Step check_if_ad passed
DEBUG:root:step check_text_and_data DUBLICATE passed
DEBUG:urllib3.connectionpool:https://api.telegram.org:443 "POST /bot6894590485:AAH6DZrn9Choz21sw0a2F94ZX5Avle3jzfc/sendMessage?chat_id=706728056&text=%D0%A0%D0%B5%D0%BA%D0%BB%D0%B0%D0%BC%D0%B0%21%0A%D0%92%D1%81%D1%96%D0%BC+%D0%BF%D1%80%D0%B8%D0%B2%D1%96%D1%82%21+%D0%9F%D1%80%D0%BE%D0%B4%D0%B0%D1%8E+%D0%BA%D1%83%D1%88%D0%B5%D1%82%D0%BA%D1%83%2C+%D0%B1%D1%83%D0%BB%D0%B0+%D0%BC%D0%B0%D0%BB%D0%BE+%D0%B2+%D0%B2%D0%B8%D0%BA%D0%BE%D1%80%D0%B8%D1%81%D1%82%D0%B0%D0%BD%D0%BD%D1%96%2C+%D1%8F%D0%BA+%D0%BD%D0%BE%D0%B2%D0%B0.+%D0%A3+%D0%BC%D0%B5%D0%BD%D0%B5+2%2C+%D0%BE%D0%B4%D0%BD%D1%83+%D0%BF%D1%80%D0%BE%D0%B4%D0%B0%D1%8E+%D0%B2+%D0%B4%D0%BE%D0%B1%D1%80%D1%96+%D1%80%D1%83%D0%BA%D0%B8.%C2%A0+%D0%9A%D0%BE%D0%B3%D0%BE+%D1%86%D1%96%D0%BA%D0%B0%D0%B2%D0%B8%D1%82%D1%8C+%D0%BF%D0%B8%D1%82%D0%B0%D0%BD%D0%BD%D1%8F+%D0%B2+%D0%B4%D1%96%D1%80%D0%B5%D0%BA%D1%82.%0A%0Afrom+user+%40andrey_ballakh+need+to+be+deleted HTTP/1.1" 200 1070
DEBUG:root:Step delete_message passed
DEBUG:urllib3.connectionpool:https://api.telegram.org:443 "GET /bot6894590485:AAH6DZrn9Choz21sw0a2F94ZX5Avle3jzfc/getUpdates?offset=372767591&timeout=20 HTTP/1.1" 200 987
DEBUG:root:Step check_if_ad passed
DEBUG:root:step check_text_and_data DUBLICATE passed
DEBUG:urllib3.connectionpool:https://api.telegram.org:443 "POST /bot6894590485:AAH6DZrn9Choz21sw0a2F94ZX5Avle3jzfc/sendMessage?chat_id=706728056&text=%D0%A0%D0%B5%D0%BA%D0%BB%D0%B0%D0%BC%D0%B0%21%0A%D0%92%D1%81%D1%96%D0%BC+%D0%BF%D1%80%D0%B8%D0%B2%D1%96%D1%82%21+%D0%9F%D1%80%D0%BE%D0%B4%D0%B0%D1%8E+%D0%BA%D1%83%D1%88%D0%B5%D1%82%D0%BA%D1%83%2C+%D0%B1%D1%83%D0%BB%D0%B0+%D0%BC%D0%B0%D0%BB%D0%BE+%D0%B2+%D0%B2%D0%B8%D0%BA%D0%BE%D1%80%D0%B8%D1%81%D1%82%D0%B0%D0%BD%D0%BD%D1%96%2C+%D1%8F%D0%BA+%D0%BD%D0%BE%D0%B2%D0%B0.+%D0%A3+%D0%BC%D0%B5%D0%BD%D0%B5+2%2C+%D0%BE%D0%B4%D0%BD%D1%83+%D0%BF%D1%80%D0%BE%D0%B4%D0%B0%D1%8E+%D0%B2+%D0%B4%D0%BE%D0%B1%D1%80%D1%96+%D1%80%D1%83%D0%BA%D0%B8.%C2%A0+%D0%9A%D0%BE%D0%B3%D0%BE+%D1%86%D1%96%D0%BA%D0%B0%D0%B2%D0%B8%D1%82%D1%8C+%D0%BF%D0%B8%D1%82%D0%B0%D0%BD%D0%BD%D1%8F+%D0%B2+%D0%B4%D1%96%D1%80%D0%B5%D0%BA%D1%82.%0A%0Afrom+user+%40andrey_ballakh+need+to+be+deleted HTTP/1.1" 200 1070
DEBUG:root:Step delete_message passed
DEBUG:urllib3.connectionpool:https://api.telegram.org:443 "GET /bot6894590485:AAH6DZrn9Choz21sw0a2F94ZX5Avle3jzfc/getUpdates?offset=372767592&timeout=20 HTTP/1.1" 200 987
DEBUG:root:Step check_if_ad passed
DEBUG:root:step check_text_and_data DUBLICATE passed
DEBUG:urllib3.connectionpool:https://api.telegram.org:443 "POST /bot6894590485:AAH6DZrn9Choz21sw0a2F94ZX5Avle3jzfc/sendMessage?chat_id=706728056&text=%D0%A0%D0%B5%D0%BA%D0%BB%D0%B0%D0%BC%D0%B0%21%0A%D0%92%D1%81%D1%96%D0%BC+%D0%BF%D1%80%D0%B8%D0%B2%D1%96%D1%82%21+%D0%9F%D1%80%D0%BE%D0%B4%D0%B0%D1%8E+%D0%BA%D1%83%D1%88%D0%B5%D1%82%D0%BA%D1%83%2C+%D0%B1%D1%83%D0%BB%D0%B0+%D0%BC%D0%B0%D0%BB%D0%BE+%D0%B2+%D0%B2%D0%B8%D0%BA%D0%BE%D1%80%D0%B8%D1%81%D1%82%D0%B0%D0%BD%D0%BD%D1%96%2C+%D1%8F%D0%BA+%D0%BD%D0%BE%D0%B2%D0%B0.+%D0%A3+%D0%BC%D0%B5%D0%BD%D0%B5+2%2C+%D0%BE%D0%B4%D0%BD%D1%83+%D0%BF%D1%80%D0%BE%D0%B4%D0%B0%D1%8E+%D0%B2+%D0%B4%D0%BE%D0%B1%D1%80%D1%96+%D1%80%D1%83%D0%BA%D0%B8.%C2%A0+%D0%9A%D0%BE%D0%B3%D0%BE+%D1%86%D1%96%D0%BA%D0%B0%D0%B2%D0%B8%D1%82%D1%8C+%D0%BF%D0%B8%D1%82%D0%B0%D0%BD%D0%BD%D1%8F+%D0%B2+%D0%B4%D1%96%D1%80%D0%B5%D0%BA%D1%82.%0A%0Afrom+user+%40andrey_ballakh+need+to+be+deleted HTTP/1.1" 200 1070
DEBUG:root:Step delete_message passed
DEBUG:urllib3.connectionpool:https://api.telegram.org:443 "GET /bot6894590485:AAH6DZrn9Choz21sw0a2F94ZX5Avle3jzfc/getUpdates?offset=372767593&timeout=20 HTTP/1.1" 200 987
DEBUG:root:Step check_if_ad passed
DEBUG:root:step check_text_and_data DUBLICATE passed
DEBUG:urllib3.connectionpool:https://api.telegram.org:443 "POST /bot6894590485:AAH6DZrn9Choz21sw0a2F94ZX5Avle3jzfc/sendMessage?chat_id=706728056&text=%D0%A0%D0%B5%D0%BA%D0%BB%D0%B0%D0%BC%D0%B0%21%0A%D0%92%D1%81%D1%96%D0%BC+%D0%BF%D1%80%D0%B8%D0%B2%D1%96%D1%82%21+%D0%9F%D1%80%D0%BE%D0%B4%D0%B0%D1%8E+%D0%BA%D1%83%D1%88%D0%B5%D1%82%D0%BA%D1%83%2C+%D0%B1%D1%83%D0%BB%D0%B0+%D0%BC%D0%B0%D0%BB%D0%BE+%D0%B2+%D0%B2%D0%B8%D0%BA%D0%BE%D1%80%D0%B8%D1%81%D1%82%D0%B0%D0%BD%D0%BD%D1%96%2C+%D1%8F%D0%BA+%D0%BD%D0%BE%D0%B2%D0%B0.+%D0%A3+%D0%BC%D0%B5%D0%BD%D0%B5+2%2C+%D0%BE%D0%B4%D0%BD%D1%83+%D0%BF%D1%80%D0%BE%D0%B4%D0%B0%D1%8E+%D0%B2+%D0%B4%D0%BE%D0%B1%D1%80%D1%96+%D1%80%D1%83%D0%BA%D0%B8.%C2%A0+%D0%9A%D0%BE%D0%B3%D0%BE+%D1%86%D1%96%D0%BA%D0%B0%D0%B2%D0%B8%D1%82%D1%8C+%D0%BF%D0%B8%D1%82%D0%B0%D0%BD%D0%BD%D1%8F+%D0%B2+%D0%B4%D1%96%D1%80%D0%B5%D0%BA%D1%82.%0A%0Afrom+user+%40andrey_ballakh+need+to+be+deleted HTTP/1.1" 200 1070
DEBUG:root:Step delete_message passed
DEBUG:urllib3.connectionpool:https://api.telegram.org:443 "GET /bot6894590485:AAH6DZrn9Choz21sw0a2F94ZX5Avle3jzfc/getUpdates?offset=372767594&timeout=20 HTTP/1.1" 200 987
DEBUG:root:Step check_if_ad passed
DEBUG:root:step check_text_and_data DUBLICATE passed
DEBUG:urllib3.connectionpool:https://api.telegram.org:443 "POST /bot6894590485:AAH6DZrn9Choz21sw0a2F94ZX5Avle3jzfc/sendMessage?chat_id=706728056&text=%D0%A0%D0%B5%D0%BA%D0%BB%D0%B0%D0%BC%D0%B0%21%0A%D0%92%D1%81%D1%96%D0%BC+%D0%BF%D1%80%D0%B8%D0%B2%D1%96%D1%82%21+%D0%9F%D1%80%D0%BE%D0%B4%D0%B0%D1%8E+%D0%BA%D1%83%D1%88%D0%B5%D1%82%D0%BA%D1%83%2C+%D0%B1%D1%83%D0%BB%D0%B0+%D0%BC%D0%B0%D0%BB%D0%BE+%D0%B2+%D0%B2%D0%B8%D0%BA%D0%BE%D1%80%D0%B8%D1%81%D1%82%D0%B0%D0%BD%D0%BD%D1%96%2C+%D1%8F%D0%BA+%D0%BD%D0%BE%D0%B2%D0%B0.+%D0%A3+%D0%BC%D0%B5%D0%BD%D0%B5+2%2C+%D0%BE%D0%B4%D0%BD%D1%83+%D0%BF%D1%80%D0%BE%D0%B4%D0%B0%D1%8E+%D0%B2+%D0%B4%D0%BE%D0%B1%D1%80%D1%96+%D1%80%D1%83%D0%BA%D0%B8.%C2%A0+%D0%9A%D0%BE%D0%B3%D0%BE+%D1%86%D1%96%D0%BA%D0%B0%D0%B2%D0%B8%D1%82%D1%8C+%D0%BF%D0%B8%D1%82%D0%B0%D0%BD%D0%BD%D1%8F+%D0%B2+%D0%B4%D1%96%D1%80%D0%B5%D0%BA%D1%82.%0A%0Afrom+user+%40andrey_ballakh+need+to+be+deleted HTTP/1.1" 200 1070
DEBUG:root:Step delete_message passed
DEBUG:urllib3.connectionpool:https://api.telegram.org:443 "GET /bot6894590485:AAH6DZrn9Choz21sw0a2F94ZX5Avle3jzfc/getUpdates?offset=372767595&timeout=20 HTTP/1.1" 200 987
DEBUG:root:Step check_if_ad passed
DEBUG:root:step check_text_and_data DUBLICATE passed
DEBUG:urllib3.connectionpool:https://api.telegram.org:443 "POST /bot6894590485:AAH6DZrn9Choz21sw0a2F94ZX5Avle3jzfc/sendMessage?chat_id=706728056&text=%D0%A0%D0%B5%D0%BA%D0%BB%D0%B0%D0%BC%D0%B0%21%0A%D0%92%D1%81%D1%96%D0%BC+%D0%BF%D1%80%D0%B8%D0%B2%D1%96%D1%82%21+%D0%9F%D1%80%D0%BE%D0%B4%D0%B0%D1%8E+%D0%BA%D1%83%D1%88%D0%B5%D1%82%D0%BA%D1%83%2C+%D0%B1%D1%83%D0%BB%D0%B0+%D0%BC%D0%B0%D0%BB%D0%BE+%D0%B2+%D0%B2%D0%B8%D0%BA%D0%BE%D1%80%D0%B8%D1%81%D1%82%D0%B0%D0%BD%D0%BD%D1%96%2C+%D1%8F%D0%BA+%D0%BD%D0%BE%D0%B2%D0%B0.+%D0%A3+%D0%BC%D0%B5%D0%BD%D0%B5+2%2C+%D0%BE%D0%B4%D0%BD%D1%83+%D0%BF%D1%80%D0%BE%D0%B4%D0%B0%D1%8E+%D0%B2+%D0%B4%D0%BE%D0%B1%D1%80%D1%96+%D1%80%D1%83%D0%BA%D0%B8.%C2%A0+%D0%9A%D0%BE%D0%B3%D0%BE+%D1%86%D1%96%D0%BA%D0%B0%D0%B2%D0%B8%D1%82%D1%8C+%D0%BF%D0%B8%D1%82%D0%B0%D0%BD%D0%BD%D1%8F+%D0%B2+%D0%B4%D1%96%D1%80%D0%B5%D0%BA%D1%82.%0A%0Afrom+user+%40andrey_ballakh+need+to+be+deleted HTTP/1.1" 200 1070
DEBUG:root:Step delete_message passed
DEBUG:urllib3.connectionpool:https://api.telegram.org:443 "GET /bot6894590485:AAH6DZrn9Choz21sw0a2F94ZX5Avle3jzfc/getUpdates?offset=372767596&timeout=20 HTTP/1.1" 200 1678
DEBUG:root:Step check_if_ad passed
DEBUG:urllib3.connectionpool:https://api.telegram.org:443 "GET /bot6894590485:AAH6DZrn9Choz21sw0a2F94ZX5Avle3jzfc/getUpdates?offset=372767597&timeout=20 HTTP/1.1" 200 987
DEBUG:root:Step check_if_ad passed
DEBUG:root:step check_text_and_data DUBLICATE passed
DEBUG:urllib3.connectionpool:https://api.telegram.org:443 "POST /bot6894590485:AAH6DZrn9Choz21sw0a2F94ZX5Avle3jzfc/sendMessage?chat_id=706728056&text=%D0%A0%D0%B5%D0%BA%D0%BB%D0%B0%D0%BC%D0%B0%21%0A%D0%92%D1%81%D1%96%D0%BC+%D0%BF%D1%80%D0%B8%D0%B2%D1%96%D1%82%21+%D0%9F%D1%80%D0%BE%D0%B4%D0%B0%D1%8E+%D0%BA%D1%83%D1%88%D0%B5%D1%82%D0%BA%D1%83%2C+%D0%B1%D1%83%D0%BB%D0%B0+%D0%BC%D0%B0%D0%BB%D0%BE+%D0%B2+%D0%B2%D0%B8%D0%BA%D0%BE%D1%80%D0%B8%D1%81%D1%82%D0%B0%D0%BD%D0%BD%D1%96%2C+%D1%8F%D0%BA+%D0%BD%D0%BE%D0%B2%D0%B0.+%D0%A3+%D0%BC%D0%B5%D0%BD%D0%B5+2%2C+%D0%BE%D0%B4%D0%BD%D1%83+%D0%BF%D1%80%D0%BE%D0%B4%D0%B0%D1%8E+%D0%B2+%D0%B4%D0%BE%D0%B1%D1%80%D1%96+%D1%80%D1%83%D0%BA%D0%B8.%C2%A0+%D0%9A%D0%BE%D0%B3%D0%BE+%D1%86%D1%96%D0%BA%D0%B0%D0%B2%D0%B8%D1%82%D1%8C+%D0%BF%D0%B8%D1%82%D0%B0%D0%BD%D0%BD%D1%8F+%D0%B2+%D0%B4%D1%96%D1%80%D0%B5%D0%BA%D1%82.%0A%0Afrom+user+%40andrey_ballakh+need+to+be+deleted HTTP/1.1" 200 1070
DEBUG:root:Step delete_message passed
DEBUG:urllib3.connectionpool:https://api.telegram.org:443 "GET /bot6894590485:AAH6DZrn9Choz21sw0a2F94ZX5Avle3jzfc/getUpdates?offset=372767598&timeout=20 HTTP/1.1" 200 987
DEBUG:root:Step check_if_ad passed
DEBUG:root:step check_text_and_data DUBLICATE passed
DEBUG:urllib3.connectionpool:https://api.telegram.org:443 "POST /bot6894590485:AAH6DZrn9Choz21sw0a2F94ZX5Avle3jzfc/sendMessage?chat_id=706728056&text=%D0%A0%D0%B5%D0%BA%D0%BB%D0%B0%D0%BC%D0%B0%21%0A%D0%92%D1%81%D1%96%D0%BC+%D0%BF%D1%80%D0%B8%D0%B2%D1%96%D1%82%21+%D0%9F%D1%80%D0%BE%D0%B4%D0%B0%D1%8E+%D0%BA%D1%83%D1%88%D0%B5%D1%82%D0%BA%D1%83%2C+%D0%B1%D1%83%D0%BB%D0%B0+%D0%BC%D0%B0%D0%BB%D0%BE+%D0%B2+%D0%B2%D0%B8%D0%BA%D0%BE%D1%80%D0%B8%D1%81%D1%82%D0%B0%D0%BD%D0%BD%D1%96%2C+%D1%8F%D0%BA+%D0%BD%D0%BE%D0%B2%D0%B0.+%D0%A3+%D0%BC%D0%B5%D0%BD%D0%B5+2%2C+%D0%BE%D0%B4%D0%BD%D1%83+%D0%BF%D1%80%D0%BE%D0%B4%D0%B0%D1%8E+%D0%B2+%D0%B4%D0%BE%D0%B1%D1%80%D1%96+%D1%80%D1%83%D0%BA%D0%B8.%C2%A0+%D0%9A%D0%BE%D0%B3%D0%BE+%D1%86%D1%96%D0%BA%D0%B0%D0%B2%D0%B8%D1%82%D1%8C+%D0%BF%D0%B8%D1%82%D0%B0%D0%BD%D0%BD%D1%8F+%D0%B2+%D0%B4%D1%96%D1%80%D0%B5%D0%BA%D1%82.%0A%0Afrom+user+%40andrey_ballakh+need+to+be+deleted HTTP/1.1" 200 1070
DEBUG:root:Step delete_message passed
DEBUG:urllib3.connectionpool:https://api.telegram.org:443 "GET /bot6894590485:AAH6DZrn9Choz21sw0a2F94ZX5Avle3jzfc/getUpdates?offset=372767599&timeout=20 HTTP/1.1" 200 987
DEBUG:root:Step check_if_ad passed
DEBUG:root:step check_text_and_data DUBLICATE passed
DEBUG:urllib3.connectionpool:https://api.telegram.org:443 "POST /bot6894590485:AAH6DZrn9Choz21sw0a2F94ZX5Avle3jzfc/sendMessage?chat_id=706728056&text=%D0%A0%D0%B5%D0%BA%D0%BB%D0%B0%D0%BC%D0%B0%21%0A%D0%92%D1%81%D1%96%D0%BC+%D0%BF%D1%80%D0%B8%D0%B2%D1%96%D1%82%21+%D0%9F%D1%80%D0%BE%D0%B4%D0%B0%D1%8E+%D0%BA%D1%83%D1%88%D0%B5%D1%82%D0%BA%D1%83%2C+%D0%B1%D1%83%D0%BB%D0%B0+%D0%BC%D0%B0%D0%BB%D0%BE+%D0%B2+%D0%B2%D0%B8%D0%BA%D0%BE%D1%80%D0%B8%D1%81%D1%82%D0%B0%D0%BD%D0%BD%D1%96%2C+%D1%8F%D0%BA+%D0%BD%D0%BE%D0%B2%D0%B0.+%D0%A3+%D0%BC%D0%B5%D0%BD%D0%B5+2%2C+%D0%BE%D0%B4%D0%BD%D1%83+%D0%BF%D1%80%D0%BE%D0%B4%D0%B0%D1%8E+%D0%B2+%D0%B4%D0%BE%D0%B1%D1%80%D1%96+%D1%80%D1%83%D0%BA%D0%B8.%C2%A0+%D0%9A%D0%BE%D0%B3%D0%BE+%D1%86%D1%96%D0%BA%D0%B0%D0%B2%D0%B8%D1%82%D1%8C+%D0%BF%D0%B8%D1%82%D0%B0%D0%BD%D0%BD%D1%8F+%D0%B2+%D0%B4%D1%96%D1%80%D0%B5%D0%BA%D1%82.%0A%0Afrom+user+%40andrey_ballakh+need+to+be+deleted HTTP/1.1" 200 1070
DEBUG:root:Step delete_message passed
DEBUG:urllib3.connectionpool:https://api.telegram.org:443 "GET /bot6894590485:AAH6DZrn9Choz21sw0a2F94ZX5Avle3jzfc/getUpdates?offset=372767600&timeout=20 HTTP/1.1" 200 301
DEBUG:urllib3.connectionpool:https://api.telegram.org:443 "GET /bot6894590485:AAH6DZrn9Choz21sw0a2F94ZX5Avle3jzfc/getUpdates?offset=372767601&timeout=20 HTTP/1.1" 200 1678
DEBUG:root:Step check_if_ad passed
DEBUG:root:step check_text_and_data DUBLICATE passed
DEBUG:urllib3.connectionpool:https://api.telegram.org:443 "POST /bot6894590485:AAH6DZrn9Choz21sw0a2F94ZX5Avle3jzfc/sendMessage?chat_id=706728056&text=%D0%A0%D0%B5%D0%BA%D0%BB%D0%B0%D0%BC%D0%B0%21%0A%D0%92%D1%81%D1%96%D0%BC+%D0%BF%D1%80%D0%B8%D0%B2%D1%96%D1%82%21+%D0%9F%D1%80%D0%BE%D0%B4%D0%B0%D1%8E+%D0%BA%D1%83%D1%88%D0%B5%D1%82%D0%BA%D1%83%2C+%D0%B1%D1%83%D0%BB%D0%B0+%D0%BC%D0%B0%D0%BB%D0%BE+%D0%B2+%D0%B2%D0%B8%D0%BA%D0%BE%D1%80%D0%B8%D1%81%D1%82%D0%B0%D0%BD%D0%BD%D1%96%2C+%D1%8F%D0%BA+%D0%BD%D0%BE%D0%B2%D0%B0.+%D0%A3+%D0%BC%D0%B5%D0%BD%D0%B5+2%2C+%D0%BE%D0%B4%D0%BD%D1%83+%D0%BF%D1%80%D0%BE%D0%B4%D0%B0%D1%8E+%D0%B2+%D0%B4%D0%BE%D0%B1%D1%80%D1%96+%D1%80%D1%83%D0%BA%D0%B8.%C2%A0+%D0%9A%D0%BE%D0%B3%D0%BE+%D1%86%D1%96%D0%BA%D0%B0%D0%B2%D0%B8%D1%82%D1%8C+%D0%BF%D0%B8%D1%82%D0%B0%D0%BD%D0%BD%D1%8F+%D0%B2+%D0%B4%D1%96%D1%80%D0%B5%D0%BA%D1%82.%0A%0A%D0%A0%D0%B5%D0%BA%D0%BB%D0%B0%D0%BC%D0%B0%21%0A%D0%92%D1%81%D1%96%D0%BC+%D0%BF%D1%80%D0%B8%D0%B2%D1%96%D1%82%21+%D0%9F%D1%80%D0%BE%D0%B4%D0%B0%D1%8E+%D0%BA%D1%83%D1%88%D0%B5%D1%82%D0%BA%D1%83%2C+%D0%B1%D1%83%D0%BB%D0%B0+%D0%BC%D0%B0%D0%BB%D0%BE+%D0%B2+%D0%B2%D0%B8%D0%BA%D0%BE%D1%80%D0%B8%D1%81%D1%82%D0%B0%D0%BD%D0%BD%D1%96%2C+%D1%8F%D0%BA+%D0%BD%D0%BE%D0%B2%D0%B0.+%D0%A3+%D0%BC%D0%B5%D0%BD%D0%B5+2%2C+%D0%BE%D0%B4%D0%BD%D1%83+%D0%BF%D1%80%D0%BE%D0%B4%D0%B0%D1%8E+%D0%B2+%D0%B4%D0%BE%D0%B1%D1%80%D1%96+%D1%80%D1%83%D0%BA%D0%B8.%C2%A0+%D0%9A%D0%BE%D0%B3%D0%BE+%D1%86%D1%96%D0%BA%D0%B0%D0%B2%D0%B8%D1%82%D1%8C+%D0%BF%D0%B8%D1%82%D0%B0%D0%BD%D0%BD%D1%8F+%D0%B2+%D0%B4%D1%96%D1%80%D0%B5%D0%BA%D1%82.%0A%0Afrom+user+%40andrey_ballakh+need+to+be+deleted HTTP/1.1" 200 1761
DEBUG:root:Step delete_message passed
DEBUG:urllib3.connectionpool:https://api.telegram.org:443 "GET /bot6894590485:AAH6DZrn9Choz21sw0a2F94ZX5Avle3jzfc/getUpdates?offset=372767602&timeout=20 HTTP/1.1" 200 1676
DEBUG:root:Step check_if_ad passed
DEBUG:urllib3.connectionpool:https://api.telegram.org:443 "GET /bot6894590485:AAH6DZrn9Choz21sw0a2F94ZX5Avle3jzfc/getUpdates?offset=372767603&timeout=20 HTTP/1.1" 200 987
DEBUG:root:Step check_if_ad passed
DEBUG:root:step check_text_and_data DUBLICATE passed
DEBUG:urllib3.connectionpool:https://api.telegram.org:443 "POST /bot6894590485:AAH6DZrn9Choz21sw0a2F94ZX5Avle3jzfc/sendMessage?chat_id=706728056&text=%D0%A0%D0%B5%D0%BA%D0%BB%D0%B0%D0%BC%D0%B0%21%0A%D0%92%D1%81%D1%96%D0%BC+%D0%BF%D1%80%D0%B8%D0%B2%D1%96%D1%82%21+%D0%9F%D1%80%D0%BE%D0%B4%D0%B0%D1%8E+%D0%BA%D1%83%D1%88%D0%B5%D1%82%D0%BA%D1%83%2C+%D0%B1%D1%83%D0%BB%D0%B0+%D0%BC%D0%B0%D0%BB%D0%BE+%D0%B2+%D0%B2%D0%B8%D0%BA%D0%BE%D1%80%D0%B8%D1%81%D1%82%D0%B0%D0%BD%D0%BD%D1%96%2C+%D1%8F%D0%BA+%D0%BD%D0%BE%D0%B2%D0%B0.+%D0%A3+%D0%BC%D0%B5%D0%BD%D0%B5+2%2C+%D0%BE%D0%B4%D0%BD%D1%83+%D0%BF%D1%80%D0%BE%D0%B4%D0%B0%D1%8E+%D0%B2+%D0%B4%D0%BE%D0%B1%D1%80%D1%96+%D1%80%D1%83%D0%BA%D0%B8.%C2%A0+%D0%9A%D0%BE%D0%B3%D0%BE+%D1%86%D1%96%D0%BA%D0%B0%D0%B2%D0%B8%D1%82%D1%8C+%D0%BF%D0%B8%D1%82%D0%B0%D0%BD%D0%BD%D1%8F+%D0%B2+%D0%B4%D1%96%D1%80%D0%B5%D0%BA%D1%82.%0A%0Afrom+user+%40andrey_ballakh+need+to+be+deleted HTTP/1.1" 200 1070
DEBUG:root:Step delete_message passed
DEBUG:urllib3.connectionpool:https://api.telegram.org:443 "GET /bot6894590485:AAH6DZrn9Choz21sw0a2F94ZX5Avle3jzfc/getUpdates?offset=372767604&timeout=20 HTTP/1.1" 200 987
DEBUG:root:Step check_if_ad passed
DEBUG:root:step check_text_and_data DUBLICATE passed
DEBUG:urllib3.connectionpool:https://api.telegram.org:443 "POST /bot6894590485:AAH6DZrn9Choz21sw0a2F94ZX5Avle3jzfc/sendMessage?chat_id=706728056&text=%D0%A0%D0%B5%D0%BA%D0%BB%D0%B0%D0%BC%D0%B0%21%0A%D0%92%D1%81%D1%96%D0%BC+%D0%BF%D1%80%D0%B8%D0%B2%D1%96%D1%82%21+%D0%9F%D1%80%D0%BE%D0%B4%D0%B0%D1%8E+%D0%BA%D1%83%D1%88%D0%B5%D1%82%D0%BA%D1%83%2C+%D0%B1%D1%83%D0%BB%D0%B0+%D0%BC%D0%B0%D0%BB%D0%BE+%D0%B2+%D0%B2%D0%B8%D0%BA%D0%BE%D1%80%D0%B8%D1%81%D1%82%D0%B0%D0%BD%D0%BD%D1%96%2C+%D1%8F%D0%BA+%D0%BD%D0%BE%D0%B2%D0%B0.+%D0%A3+%D0%BC%D0%B5%D0%BD%D0%B5+2%2C+%D0%BE%D0%B4%D0%BD%D1%83+%D0%BF%D1%80%D0%BE%D0%B4%D0%B0%D1%8E+%D0%B2+%D0%B4%D0%BE%D0%B1%D1%80%D1%96+%D1%80%D1%83%D0%BA%D0%B8.%C2%A0+%D0%9A%D0%BE%D0%B3%D0%BE+%D1%86%D1%96%D0%BA%D0%B0%D0%B2%D0%B8%D1%82%D1%8C+%D0%BF%D0%B8%D1%82%D0%B0%D0%BD%D0%BD%D1%8F+%D0%B2+%D0%B4%D1%96%D1%80%D0%B5%D0%BA%D1%82.%0A%0Afrom+user+%40andrey_ballakh+need+to+be+deleted HTTP/1.1" 200 1070
DEBUG:root:Step delete_message passed
DEBUG:urllib3.connectionpool:https://api.telegram.org:443 "GET /bot6894590485:AAH6DZrn9Choz21sw0a2F94ZX5Avle3jzfc/getUpdates?offset=372767605&timeout=20 HTTP/1.1" 200 987
DEBUG:root:Step check_if_ad passed
DEBUG:root:step check_text_and_data DUBLICATE passed
DEBUG:urllib3.connectionpool:https://api.telegram.org:443 "GET /bot6894590485:AAH6DZrn9Choz21sw0a2F94ZX5Avle3jzfc/getUpdates?offset=372767606&timeout=20 HTTP/1.1" 200 987
DEBUG:root:Step check_if_ad passed
DEBUG:root:step check_text_and_data DUBLICATE passed
DEBUG:urllib3.connectionpool:https://api.telegram.org:443 "POST /bot6894590485:AAH6DZrn9Choz21sw0a2F94ZX5Avle3jzfc/sendMessage?chat_id=706728056&text=%D0%A0%D0%B5%D0%BA%D0%BB%D0%B0%D0%BC%D0%B0%21%0A%D0%92%D1%81%D1%96%D0%BC+%D0%BF%D1%80%D0%B8%D0%B2%D1%96%D1%82%21+%D0%9F%D1%80%D0%BE%D0%B4%D0%B0%D1%8E+%D0%BA%D1%83%D1%88%D0%B5%D1%82%D0%BA%D1%83%2C+%D0%B1%D1%83%D0%BB%D0%B0+%D0%BC%D0%B0%D0%BB%D0%BE+%D0%B2+%D0%B2%D0%B8%D0%BA%D0%BE%D1%80%D0%B8%D1%81%D1%82%D0%B0%D0%BD%D0%BD%D1%96%2C+%D1%8F%D0%BA+%D0%BD%D0%BE%D0%B2%D0%B0.+%D0%A3+%D0%BC%D0%B5%D0%BD%D0%B5+2%2C+%D0%BE%D0%B4%D0%BD%D1%83+%D0%BF%D1%80%D0%BE%D0%B4%D0%B0%D1%8E+%D0%B2+%D0%B4%D0%BE%D0%B1%D1%80%D1%96+%D1%80%D1%83%D0%BA%D0%B8.%C2%A0+%D0%9A%D0%BE%D0%B3%D0%BE+%D1%86%D1%96%D0%BA%D0%B0%D0%B2%D0%B8%D1%82%D1%8C+%D0%BF%D0%B8%D1%82%D0%B0%D0%BD%D0%BD%D1%8F+%D0%B2+%D0%B4%D1%96%D1%80%D0%B5%D0%BA%D1%82.%0A%0Afrom+user+%40andrey_ballakh+need+to+be+deleted HTTP/1.1" 200 1070
DEBUG:root:Step delete_message passed
DEBUG:urllib3.connectionpool:https://api.telegram.org:443 "POST /bot6894590485:AAH6DZrn9Choz21sw0a2F94ZX5Avle3jzfc/sendMessage?chat_id=706728056&text=%D0%A0%D0%B5%D0%BA%D0%BB%D0%B0%D0%BC%D0%B0%21%0A%D0%92%D1%81%D1%96%D0%BC+%D0%BF%D1%80%D0%B8%D0%B2%D1%96%D1%82%21+%D0%9F%D1%80%D0%BE%D0%B4%D0%B0%D1%8E+%D0%BA%D1%83%D1%88%D0%B5%D1%82%D0%BA%D1%83%2C+%D0%B1%D1%83%D0%BB%D0%B0+%D0%BC%D0%B0%D0%BB%D0%BE+%D0%B2+%D0%B2%D0%B8%D0%BA%D0%BE%D1%80%D0%B8%D1%81%D1%82%D0%B0%D0%BD%D0%BD%D1%96%2C+%D1%8F%D0%BA+%D0%BD%D0%BE%D0%B2%D0%B0.+%D0%A3+%D0%BC%D0%B5%D0%BD%D0%B5+2%2C+%D0%BE%D0%B4%D0%BD%D1%83+%D0%BF%D1%80%D0%BE%D0%B4%D0%B0%D1%8E+%D0%B2+%D0%B4%D0%BE%D0%B1%D1%80%D1%96+%D1%80%D1%83%D0%BA%D0%B8.%C2%A0+%D0%9A%D0%BE%D0%B3%D0%BE+%D1%86%D1%96%D0%BA%D0%B0%D0%B2%D0%B8%D1%82%D1%8C+%D0%BF%D0%B8%D1%82%D0%B0%D0%BD%D0%BD%D1%8F+%D0%B2+%D0%B4%D1%96%D1%80%D0%B5%D0%BA%D1%82.%0A%0Afrom+user+%40andrey_ballakh+need+to+be+deleted HTTP/1.1" 200 1070
DEBUG:root:Step delete_message passed
DEBUG:urllib3.connectionpool:https://api.telegram.org:443 "GET /bot6894590485:AAH6DZrn9Choz21sw0a2F94ZX5Avle3jzfc/getUpdates?offset=372767607&timeout=20 HTTP/1.1" 200 987
DEBUG:root:Step check_if_ad passed
DEBUG:root:step check_text_and_data DUBLICATE passed
DEBUG:urllib3.connectionpool:https://api.telegram.org:443 "POST /bot6894590485:AAH6DZrn9Choz21sw0a2F94ZX5Avle3jzfc/sendMessage?chat_id=706728056&text=%D0%A0%D0%B5%D0%BA%D0%BB%D0%B0%D0%BC%D0%B0%21%0A%D0%92%D1%81%D1%96%D0%BC+%D0%BF%D1%80%D0%B8%D0%B2%D1%96%D1%82%21+%D0%9F%D1%80%D0%BE%D0%B4%D0%B0%D1%8E+%D0%BA%D1%83%D1%88%D0%B5%D1%82%D0%BA%D1%83%2C+%D0%B1%D1%83%D0%BB%D0%B0+%D0%BC%D0%B0%D0%BB%D0%BE+%D0%B2+%D0%B2%D0%B8%D0%BA%D0%BE%D1%80%D0%B8%D1%81%D1%82%D0%B0%D0%BD%D0%BD%D1%96%2C+%D1%8F%D0%BA+%D0%BD%D0%BE%D0%B2%D0%B0.+%D0%A3+%D0%BC%D0%B5%D0%BD%D0%B5+2%2C+%D0%BE%D0%B4%D0%BD%D1%83+%D0%BF%D1%80%D0%BE%D0%B4%D0%B0%D1%8E+%D0%B2+%D0%B4%D0%BE%D0%B1%D1%80%D1%96+%D1%80%D1%83%D0%BA%D0%B8.%C2%A0+%D0%9A%D0%BE%D0%B3%D0%BE+%D1%86%D1%96%D0%BA%D0%B0%D0%B2%D0%B8%D1%82%D1%8C+%D0%BF%D0%B8%D1%82%D0%B0%D0%BD%D0%BD%D1%8F+%D0%B2+%D0%B4%D1%96%D1%80%D0%B5%D0%BA%D1%82.%0A%0Afrom+user+%40andrey_ballakh+need+to+be+deleted HTTP/1.1" 200 1070
DEBUG:root:Step delete_message passed
DEBUG:urllib3.connectionpool:https://api.telegram.org:443 "GET /bot6894590485:AAH6DZrn9Choz21sw0a2F94ZX5Avle3jzfc/getUpdates?offset=372767608&timeout=20 HTTP/1.1" 200 987
DEBUG:root:Step check_if_ad passed
DEBUG:root:step check_text_and_data DUBLICATE passed
DEBUG:urllib3.connectionpool:https://api.telegram.org:443 "POST /bot6894590485:AAH6DZrn9Choz21sw0a2F94ZX5Avle3jzfc/sendMessage?chat_id=706728056&text=%D0%A0%D0%B5%D0%BA%D0%BB%D0%B0%D0%BC%D0%B0%21%0A%D0%92%D1%81%D1%96%D0%BC+%D0%BF%D1%80%D0%B8%D0%B2%D1%96%D1%82%21+%D0%9F%D1%80%D0%BE%D0%B4%D0%B0%D1%8E+%D0%BA%D1%83%D1%88%D0%B5%D1%82%D0%BA%D1%83%2C+%D0%B1%D1%83%D0%BB%D0%B0+%D0%BC%D0%B0%D0%BB%D0%BE+%D0%B2+%D0%B2%D0%B8%D0%BA%D0%BE%D1%80%D0%B8%D1%81%D1%82%D0%B0%D0%BD%D0%BD%D1%96%2C+%D1%8F%D0%BA+%D0%BD%D0%BE%D0%B2%D0%B0.+%D0%A3+%D0%BC%D0%B5%D0%BD%D0%B5+2%2C+%D0%BE%D0%B4%D0%BD%D1%83+%D0%BF%D1%80%D0%BE%D0%B4%D0%B0%D1%8E+%D0%B2+%D0%B4%D0%BE%D0%B1%D1%80%D1%96+%D1%80%D1%83%D0%BA%D0%B8.%C2%A0+%D0%9A%D0%BE%D0%B3%D0%BE+%D1%86%D1%96%D0%BA%D0%B0%D0%B2%D0%B8%D1%82%D1%8C+%D0%BF%D0%B8%D1%82%D0%B0%D0%BD%D0%BD%D1%8F+%D0%B2+%D0%B4%D1%96%D1%80%D0%B5%D0%BA%D1%82.%0A%0Afrom+user+%40andrey_ballakh+need+to+be+deleted HTTP/1.1" 200 1070
DEBUG:root:Step delete_message passed
DEBUG:urllib3.connectionpool:https://api.telegram.org:443 "GET /bot6894590485:AAH6DZrn9Choz21sw0a2F94ZX5Avle3jzfc/getUpdates?offset=372767609&timeout=20 HTTP/1.1" 200 987
DEBUG:root:Step check_if_ad passed
DEBUG:root:step check_text_and_data DUBLICATE passed
DEBUG:urllib3.connectionpool:https://api.telegram.org:443 "POST /bot6894590485:AAH6DZrn9Choz21sw0a2F94ZX5Avle3jzfc/sendMessage?chat_id=706728056&text=%D0%A0%D0%B5%D0%BA%D0%BB%D0%B0%D0%BC%D0%B0%21%0A%D0%92%D1%81%D1%96%D0%BC+%D0%BF%D1%80%D0%B8%D0%B2%D1%96%D1%82%21+%D0%9F%D1%80%D0%BE%D0%B4%D0%B0%D1%8E+%D0%BA%D1%83%D1%88%D0%B5%D1%82%D0%BA%D1%83%2C+%D0%B1%D1%83%D0%BB%D0%B0+%D0%BC%D0%B0%D0%BB%D0%BE+%D0%B2+%D0%B2%D0%B8%D0%BA%D0%BE%D1%80%D0%B8%D1%81%D1%82%D0%B0%D0%BD%D0%BD%D1%96%2C+%D1%8F%D0%BA+%D0%BD%D0%BE%D0%B2%D0%B0.+%D0%A3+%D0%BC%D0%B5%D0%BD%D0%B5+2%2C+%D0%BE%D0%B4%D0%BD%D1%83+%D0%BF%D1%80%D0%BE%D0%B4%D0%B0%D1%8E+%D0%B2+%D0%B4%D0%BE%D0%B1%D1%80%D1%96+%D1%80%D1%83%D0%BA%D0%B8.%C2%A0+%D0%9A%D0%BE%D0%B3%D0%BE+%D1%86%D1%96%D0%BA%D0%B0%D0%B2%D0%B8%D1%82%D1%8C+%D0%BF%D0%B8%D1%82%D0%B0%D0%BD%D0%BD%D1%8F+%D0%B2+%D0%B4%D1%96%D1%80%D0%B5%D0%BA%D1%82.%0A%0Afrom+user+%40andrey_ballakh+need+to+be+deleted HTTP/1.1" 200 1070
DEBUG:root:Step delete_message passed
DEBUG:urllib3.connectionpool:https://api.telegram.org:443 "GET /bot6894590485:AAH6DZrn9Choz21sw0a2F94ZX5Avle3jzfc/getUpdates?offset=372767610&timeout=20 HTTP/1.1" 200 987
DEBUG:root:Step check_if_ad passed
DEBUG:root:step check_text_and_data DUBLICATE passed
DEBUG:urllib3.connectionpool:https://api.telegram.org:443 "POST /bot6894590485:AAH6DZrn9Choz21sw0a2F94ZX5Avle3jzfc/sendMessage?chat_id=706728056&text=%D0%A0%D0%B5%D0%BA%D0%BB%D0%B0%D0%BC%D0%B0%21%0A%D0%92%D1%81%D1%96%D0%BC+%D0%BF%D1%80%D0%B8%D0%B2%D1%96%D1%82%21+%D0%9F%D1%80%D0%BE%D0%B4%D0%B0%D1%8E+%D0%BA%D1%83%D1%88%D0%B5%D1%82%D0%BA%D1%83%2C+%D0%B1%D1%83%D0%BB%D0%B0+%D0%BC%D0%B0%D0%BB%D0%BE+%D0%B2+%D0%B2%D0%B8%D0%BA%D0%BE%D1%80%D0%B8%D1%81%D1%82%D0%B0%D0%BD%D0%BD%D1%96%2C+%D1%8F%D0%BA+%D0%BD%D0%BE%D0%B2%D0%B0.+%D0%A3+%D0%BC%D0%B5%D0%BD%D0%B5+2%2C+%D0%BE%D0%B4%D0%BD%D1%83+%D0%BF%D1%80%D0%BE%D0%B4%D0%B0%D1%8E+%D0%B2+%D0%B4%D0%BE%D0%B1%D1%80%D1%96+%D1%80%D1%83%D0%BA%D0%B8.%C2%A0+%D0%9A%D0%BE%D0%B3%D0%BE+%D1%86%D1%96%D0%BA%D0%B0%D0%B2%D0%B8%D1%82%D1%8C+%D0%BF%D0%B8%D1%82%D0%B0%D0%BD%D0%BD%D1%8F+%D0%B2+%D0%B4%D1%96%D1%80%D0%B5%D0%BA%D1%82.%0A%0Afrom+user+%40andrey_ballakh+need+to+be+deleted HTTP/1.1" 200 1070
DEBUG:root:Step delete_message passed
DEBUG:urllib3.connectionpool:https://api.telegram.org:443 "GET /bot6894590485:AAH6DZrn9Choz21sw0a2F94ZX5Avle3jzfc/getUpdates?offset=372767611&timeout=20 HTTP/1.1" 200 987
DEBUG:root:Step check_if_ad passed
DEBUG:root:step check_text_and_data DUBLICATE passed
DEBUG:urllib3.connectionpool:https://api.telegram.org:443 "POST /bot6894590485:AAH6DZrn9Choz21sw0a2F94ZX5Avle3jzfc/sendMessage?chat_id=706728056&text=%D0%A0%D0%B5%D0%BA%D0%BB%D0%B0%D0%BC%D0%B0%21%0A%D0%92%D1%81%D1%96%D0%BC+%D0%BF%D1%80%D0%B8%D0%B2%D1%96%D1%82%21+%D0%9F%D1%80%D0%BE%D0%B4%D0%B0%D1%8E+%D0%BA%D1%83%D1%88%D0%B5%D1%82%D0%BA%D1%83%2C+%D0%B1%D1%83%D0%BB%D0%B0+%D0%BC%D0%B0%D0%BB%D0%BE+%D0%B2+%D0%B2%D0%B8%D0%BA%D0%BE%D1%80%D0%B8%D1%81%D1%82%D0%B0%D0%BD%D0%BD%D1%96%2C+%D1%8F%D0%BA+%D0%BD%D0%BE%D0%B2%D0%B0.+%D0%A3+%D0%BC%D0%B5%D0%BD%D0%B5+2%2C+%D0%BE%D0%B4%D0%BD%D1%83+%D0%BF%D1%80%D0%BE%D0%B4%D0%B0%D1%8E+%D0%B2+%D0%B4%D0%BE%D0%B1%D1%80%D1%96+%D1%80%D1%83%D0%BA%D0%B8.%C2%A0+%D0%9A%D0%BE%D0%B3%D0%BE+%D1%86%D1%96%D0%BA%D0%B0%D0%B2%D0%B8%D1%82%D1%8C+%D0%BF%D0%B8%D1%82%D0%B0%D0%BD%D0%BD%D1%8F+%D0%B2+%D0%B4%D1%96%D1%80%D0%B5%D0%BA%D1%82.%0A%0Afrom+user+%40andrey_ballakh+need+to+be+deleted HTTP/1.1" 200 1070
DEBUG:root:Step delete_message passed
DEBUG:urllib3.connectionpool:https://api.telegram.org:443 "GET /bot6894590485:AAH6DZrn9Choz21sw0a2F94ZX5Avle3jzfc/getUpdates?offset=372767612&timeout=20 HTTP/1.1" 200 987
DEBUG:root:Step check_if_ad passed
DEBUG:root:step check_text_and_data DUBLICATE passed
DEBUG:urllib3.connectionpool:https://api.telegram.org:443 "POST /bot6894590485:AAH6DZrn9Choz21sw0a2F94ZX5Avle3jzfc/sendMessage?chat_id=706728056&text=%D0%A0%D0%B5%D0%BA%D0%BB%D0%B0%D0%BC%D0%B0%21%0A%D0%92%D1%81%D1%96%D0%BC+%D0%BF%D1%80%D0%B8%D0%B2%D1%96%D1%82%21+%D0%9F%D1%80%D0%BE%D0%B4%D0%B0%D1%8E+%D0%BA%D1%83%D1%88%D0%B5%D1%82%D0%BA%D1%83%2C+%D0%B1%D1%83%D0%BB%D0%B0+%D0%BC%D0%B0%D0%BB%D0%BE+%D0%B2+%D0%B2%D0%B8%D0%BA%D0%BE%D1%80%D0%B8%D1%81%D1%82%D0%B0%D0%BD%D0%BD%D1%96%2C+%D1%8F%D0%BA+%D0%BD%D0%BE%D0%B2%D0%B0.+%D0%A3+%D0%BC%D0%B5%D0%BD%D0%B5+2%2C+%D0%BE%D0%B4%D0%BD%D1%83+%D0%BF%D1%80%D0%BE%D0%B4%D0%B0%D1%8E+%D0%B2+%D0%B4%D0%BE%D0%B1%D1%80%D1%96+%D1%80%D1%83%D0%BA%D0%B8.%C2%A0+%D0%9A%D0%BE%D0%B3%D0%BE+%D1%86%D1%96%D0%BA%D0%B0%D0%B2%D0%B8%D1%82%D1%8C+%D0%BF%D0%B8%D1%82%D0%B0%D0%BD%D0%BD%D1%8F+%D0%B2+%D0%B4%D1%96%D1%80%D0%B5%D0%BA%D1%82.%0A%0Afrom+user+%40andrey_ballakh+need+to+be+deleted HTTP/1.1" 200 1070
DEBUG:root:Step delete_message passed
DEBUG:urllib3.connectionpool:https://api.telegram.org:443 "GET /bot6894590485:AAH6DZrn9Choz21sw0a2F94ZX5Avle3jzfc/getUpdates?offset=372767613&timeout=20 HTTP/1.1" 200 987
DEBUG:root:Step check_if_ad passed
DEBUG:root:step check_text_and_data DUBLICATE passed
DEBUG:urllib3.connectionpool:https://api.telegram.org:443 "POST /bot6894590485:AAH6DZrn9Choz21sw0a2F94ZX5Avle3jzfc/sendMessage?chat_id=706728056&text=%D0%A0%D0%B5%D0%BA%D0%BB%D0%B0%D0%BC%D0%B0%21%0A%D0%92%D1%81%D1%96%D0%BC+%D0%BF%D1%80%D0%B8%D0%B2%D1%96%D1%82%21+%D0%9F%D1%80%D0%BE%D0%B4%D0%B0%D1%8E+%D0%BA%D1%83%D1%88%D0%B5%D1%82%D0%BA%D1%83%2C+%D0%B1%D1%83%D0%BB%D0%B0+%D0%BC%D0%B0%D0%BB%D0%BE+%D0%B2+%D0%B2%D0%B8%D0%BA%D0%BE%D1%80%D0%B8%D1%81%D1%82%D0%B0%D0%BD%D0%BD%D1%96%2C+%D1%8F%D0%BA+%D0%BD%D0%BE%D0%B2%D0%B0.+%D0%A3+%D0%BC%D0%B5%D0%BD%D0%B5+2%2C+%D0%BE%D0%B4%D0%BD%D1%83+%D0%BF%D1%80%D0%BE%D0%B4%D0%B0%D1%8E+%D0%B2+%D0%B4%D0%BE%D0%B1%D1%80%D1%96+%D1%80%D1%83%D0%BA%D0%B8.%C2%A0+%D0%9A%D0%BE%D0%B3%D0%BE+%D1%86%D1%96%D0%BA%D0%B0%D0%B2%D0%B8%D1%82%D1%8C+%D0%BF%D0%B8%D1%82%D0%B0%D0%BD%D0%BD%D1%8F+%D0%B2+%D0%B4%D1%96%D1%80%D0%B5%D0%BA%D1%82.%0A%0Afrom+user+%40andrey_ballakh+need+to+be+deleted HTTP/1.1" 200 1070
DEBUG:root:Step delete_message passed
DEBUG:urllib3.connectionpool:https://api.telegram.org:443 "GET /bot6894590485:AAH6DZrn9Choz21sw0a2F94ZX5Avle3jzfc/getUpdates?offset=372767614&timeout=20 HTTP/1.1" 200 987
DEBUG:root:Step check_if_ad passed
DEBUG:root:step check_text_and_data DUBLICATE passed
DEBUG:urllib3.connectionpool:https://api.telegram.org:443 "POST /bot6894590485:AAH6DZrn9Choz21sw0a2F94ZX5Avle3jzfc/sendMessage?chat_id=706728056&text=%D0%A0%D0%B5%D0%BA%D0%BB%D0%B0%D0%BC%D0%B0%21%0A%D0%92%D1%81%D1%96%D0%BC+%D0%BF%D1%80%D0%B8%D0%B2%D1%96%D1%82%21+%D0%9F%D1%80%D0%BE%D0%B4%D0%B0%D1%8E+%D0%BA%D1%83%D1%88%D0%B5%D1%82%D0%BA%D1%83%2C+%D0%B1%D1%83%D0%BB%D0%B0+%D0%BC%D0%B0%D0%BB%D0%BE+%D0%B2+%D0%B2%D0%B8%D0%BA%D0%BE%D1%80%D0%B8%D1%81%D1%82%D0%B0%D0%BD%D0%BD%D1%96%2C+%D1%8F%D0%BA+%D0%BD%D0%BE%D0%B2%D0%B0.+%D0%A3+%D0%BC%D0%B5%D0%BD%D0%B5+2%2C+%D0%BE%D0%B4%D0%BD%D1%83+%D0%BF%D1%80%D0%BE%D0%B4%D0%B0%D1%8E+%D0%B2+%D0%B4%D0%BE%D0%B1%D1%80%D1%96+%D1%80%D1%83%D0%BA%D0%B8.%C2%A0+%D0%9A%D0%BE%D0%B3%D0%BE+%D1%86%D1%96%D0%BA%D0%B0%D0%B2%D0%B8%D1%82%D1%8C+%D0%BF%D0%B8%D1%82%D0%B0%D0%BD%D0%BD%D1%8F+%D0%B2+%D0%B4%D1%96%D1%80%D0%B5%D0%BA%D1%82.%0A%0Afrom+user+%40andrey_ballakh+need+to+be+deleted HTTP/1.1" 200 1070
DEBUG:root:Step delete_message passed
DEBUG:urllib3.connectionpool:https://api.telegram.org:443 "GET /bot6894590485:AAH6DZrn9Choz21sw0a2F94ZX5Avle3jzfc/getUpdates?offset=372767615&timeout=20 HTTP/1.1" 200 987
DEBUG:root:Step check_if_ad passed
DEBUG:root:step check_text_and_data DUBLICATE passed
DEBUG:urllib3.connectionpool:https://api.telegram.org:443 "POST /bot6894590485:AAH6DZrn9Choz21sw0a2F94ZX5Avle3jzfc/sendMessage?chat_id=706728056&text=%D0%A0%D0%B5%D0%BA%D0%BB%D0%B0%D0%BC%D0%B0%21%0A%D0%92%D1%81%D1%96%D0%BC+%D0%BF%D1%80%D0%B8%D0%B2%D1%96%D1%82%21+%D0%9F%D1%80%D0%BE%D0%B4%D0%B0%D1%8E+%D0%BA%D1%83%D1%88%D0%B5%D1%82%D0%BA%D1%83%2C+%D0%B1%D1%83%D0%BB%D0%B0+%D0%BC%D0%B0%D0%BB%D0%BE+%D0%B2+%D0%B2%D0%B8%D0%BA%D0%BE%D1%80%D0%B8%D1%81%D1%82%D0%B0%D0%BD%D0%BD%D1%96%2C+%D1%8F%D0%BA+%D0%BD%D0%BE%D0%B2%D0%B0.+%D0%A3+%D0%BC%D0%B5%D0%BD%D0%B5+2%2C+%D0%BE%D0%B4%D0%BD%D1%83+%D0%BF%D1%80%D0%BE%D0%B4%D0%B0%D1%8E+%D0%B2+%D0%B4%D0%BE%D0%B1%D1%80%D1%96+%D1%80%D1%83%D0%BA%D0%B8.%C2%A0+%D0%9A%D0%BE%D0%B3%D0%BE+%D1%86%D1%96%D0%BA%D0%B0%D0%B2%D0%B8%D1%82%D1%8C+%D0%BF%D0%B8%D1%82%D0%B0%D0%BD%D0%BD%D1%8F+%D0%B2+%D0%B4%D1%96%D1%80%D0%B5%D0%BA%D1%82.%0A%0Afrom+user+%40andrey_ballakh+need+to+be+deleted HTTP/1.1" 200 1070
DEBUG:root:Step delete_message passed
DEBUG:urllib3.connectionpool:https://api.telegram.org:443 "GET /bot6894590485:AAH6DZrn9Choz21sw0a2F94ZX5Avle3jzfc/getUpdates?offset=372767616&timeout=20 HTTP/1.1" 200 987
DEBUG:root:Step check_if_ad passed
DEBUG:root:step check_text_and_data DUBLICATE passed
DEBUG:urllib3.connectionpool:https://api.telegram.org:443 "POST /bot6894590485:AAH6DZrn9Choz21sw0a2F94ZX5Avle3jzfc/sendMessage?chat_id=706728056&text=%D0%A0%D0%B5%D0%BA%D0%BB%D0%B0%D0%BC%D0%B0%21%0A%D0%92%D1%81%D1%96%D0%BC+%D0%BF%D1%80%D0%B8%D0%B2%D1%96%D1%82%21+%D0%9F%D1%80%D0%BE%D0%B4%D0%B0%D1%8E+%D0%BA%D1%83%D1%88%D0%B5%D1%82%D0%BA%D1%83%2C+%D0%B1%D1%83%D0%BB%D0%B0+%D0%BC%D0%B0%D0%BB%D0%BE+%D0%B2+%D0%B2%D0%B8%D0%BA%D0%BE%D1%80%D0%B8%D1%81%D1%82%D0%B0%D0%BD%D0%BD%D1%96%2C+%D1%8F%D0%BA+%D0%BD%D0%BE%D0%B2%D0%B0.+%D0%A3+%D0%BC%D0%B5%D0%BD%D0%B5+2%2C+%D0%BE%D0%B4%D0%BD%D1%83+%D0%BF%D1%80%D0%BE%D0%B4%D0%B0%D1%8E+%D0%B2+%D0%B4%D0%BE%D0%B1%D1%80%D1%96+%D1%80%D1%83%D0%BA%D0%B8.%C2%A0+%D0%9A%D0%BE%D0%B3%D0%BE+%D1%86%D1%96%D0%BA%D0%B0%D0%B2%D0%B8%D1%82%D1%8C+%D0%BF%D0%B8%D1%82%D0%B0%D0%BD%D0%BD%D1%8F+%D0%B2+%D0%B4%D1%96%D1%80%D0%B5%D0%BA%D1%82.%0A%0Afrom+user+%40andrey_ballakh+need+to+be+deleted HTTP/1.1" 200 1070
DEBUG:root:Step delete_message passed
DEBUG:urllib3.connectionpool:https://api.telegram.org:443 "GET /bot6894590485:AAH6DZrn9Choz21sw0a2F94ZX5Avle3jzfc/getUpdates?offset=372767617&timeout=20 HTTP/1.1" 200 987
DEBUG:root:Step check_if_ad passed
DEBUG:root:step check_text_and_data DUBLICATE passed
DEBUG:urllib3.connectionpool:https://api.telegram.org:443 "POST /bot6894590485:AAH6DZrn9Choz21sw0a2F94ZX5Avle3jzfc/sendMessage?chat_id=706728056&text=%D0%A0%D0%B5%D0%BA%D0%BB%D0%B0%D0%BC%D0%B0%21%0A%D0%92%D1%81%D1%96%D0%BC+%D0%BF%D1%80%D0%B8%D0%B2%D1%96%D1%82%21+%D0%9F%D1%80%D0%BE%D0%B4%D0%B0%D1%8E+%D0%BA%D1%83%D1%88%D0%B5%D1%82%D0%BA%D1%83%2C+%D0%B1%D1%83%D0%BB%D0%B0+%D0%BC%D0%B0%D0%BB%D0%BE+%D0%B2+%D0%B2%D0%B8%D0%BA%D0%BE%D1%80%D0%B8%D1%81%D1%82%D0%B0%D0%BD%D0%BD%D1%96%2C+%D1%8F%D0%BA+%D0%BD%D0%BE%D0%B2%D0%B0.+%D0%A3+%D0%BC%D0%B5%D0%BD%D0%B5+2%2C+%D0%BE%D0%B4%D0%BD%D1%83+%D0%BF%D1%80%D0%BE%D0%B4%D0%B0%D1%8E+%D0%B2+%D0%B4%D0%BE%D0%B1%D1%80%D1%96+%D1%80%D1%83%D0%BA%D0%B8.%C2%A0+%D0%9A%D0%BE%D0%B3%D0%BE+%D1%86%D1%96%D0%BA%D0%B0%D0%B2%D0%B8%D1%82%D1%8C+%D0%BF%D0%B8%D1%82%D0%B0%D0%BD%D0%BD%D1%8F+%D0%B2+%D0%B4%D1%96%D1%80%D0%B5%D0%BA%D1%82.%0A%0Afrom+user+%40andrey_ballakh+need+to+be+deleted HTTP/1.1" 200 1070
DEBUG:root:Step delete_message passed
DEBUG:urllib3.connectionpool:https://api.telegram.org:443 "GET /bot6894590485:AAH6DZrn9Choz21sw0a2F94ZX5Avle3jzfc/getUpdates?offset=372767618&timeout=20 HTTP/1.1" 200 987
DEBUG:root:Step check_if_ad passed
DEBUG:root:step check_text_and_data DUBLICATE passed
DEBUG:urllib3.connectionpool:https://api.telegram.org:443 "POST /bot6894590485:AAH6DZrn9Choz21sw0a2F94ZX5Avle3jzfc/sendMessage?chat_id=706728056&text=%D0%A0%D0%B5%D0%BA%D0%BB%D0%B0%D0%BC%D0%B0%21%0A%D0%92%D1%81%D1%96%D0%BC+%D0%BF%D1%80%D0%B8%D0%B2%D1%96%D1%82%21+%D0%9F%D1%80%D0%BE%D0%B4%D0%B0%D1%8E+%D0%BA%D1%83%D1%88%D0%B5%D1%82%D0%BA%D1%83%2C+%D0%B1%D1%83%D0%BB%D0%B0+%D0%BC%D0%B0%D0%BB%D0%BE+%D0%B2+%D0%B2%D0%B8%D0%BA%D0%BE%D1%80%D0%B8%D1%81%D1%82%D0%B0%D0%BD%D0%BD%D1%96%2C+%D1%8F%D0%BA+%D0%BD%D0%BE%D0%B2%D0%B0.+%D0%A3+%D0%BC%D0%B5%D0%BD%D0%B5+2%2C+%D0%BE%D0%B4%D0%BD%D1%83+%D0%BF%D1%80%D0%BE%D0%B4%D0%B0%D1%8E+%D0%B2+%D0%B4%D0%BE%D0%B1%D1%80%D1%96+%D1%80%D1%83%D0%BA%D0%B8.%C2%A0+%D0%9A%D0%BE%D0%B3%D0%BE+%D1%86%D1%96%D0%BA%D0%B0%D0%B2%D0%B8%D1%82%D1%8C+%D0%BF%D0%B8%D1%82%D0%B0%D0%BD%D0%BD%D1%8F+%D0%B2+%D0%B4%D1%96%D1%80%D0%B5%D0%BA%D1%82.%0A%0Afrom+user+%40andrey_ballakh+need+to+be+deleted HTTP/1.1" 200 1070
DEBUG:root:Step delete_message passed
DEBUG:urllib3.connectionpool:https://api.telegram.org:443 "GET /bot6894590485:AAH6DZrn9Choz21sw0a2F94ZX5Avle3jzfc/getUpdates?offset=372767619&timeout=20 HTTP/1.1" 200 987
DEBUG:root:Step check_if_ad passed
DEBUG:root:step check_text_and_data DUBLICATE passed
DEBUG:urllib3.connectionpool:https://api.telegram.org:443 "POST /bot6894590485:AAH6DZrn9Choz21sw0a2F94ZX5Avle3jzfc/sendMessage?chat_id=706728056&text=%D0%A0%D0%B5%D0%BA%D0%BB%D0%B0%D0%BC%D0%B0%21%0A%D0%92%D1%81%D1%96%D0%BC+%D0%BF%D1%80%D0%B8%D0%B2%D1%96%D1%82%21+%D0%9F%D1%80%D0%BE%D0%B4%D0%B0%D1%8E+%D0%BA%D1%83%D1%88%D0%B5%D1%82%D0%BA%D1%83%2C+%D0%B1%D1%83%D0%BB%D0%B0+%D0%BC%D0%B0%D0%BB%D0%BE+%D0%B2+%D0%B2%D0%B8%D0%BA%D0%BE%D1%80%D0%B8%D1%81%D1%82%D0%B0%D0%BD%D0%BD%D1%96%2C+%D1%8F%D0%BA+%D0%BD%D0%BE%D0%B2%D0%B0.+%D0%A3+%D0%BC%D0%B5%D0%BD%D0%B5+2%2C+%D0%BE%D0%B4%D0%BD%D1%83+%D0%BF%D1%80%D0%BE%D0%B4%D0%B0%D1%8E+%D0%B2+%D0%B4%D0%BE%D0%B1%D1%80%D1%96+%D1%80%D1%83%D0%BA%D0%B8.%C2%A0+%D0%9A%D0%BE%D0%B3%D0%BE+%D1%86%D1%96%D0%BA%D0%B0%D0%B2%D0%B8%D1%82%D1%8C+%D0%BF%D0%B8%D1%82%D0%B0%D0%BD%D0%BD%D1%8F+%D0%B2+%D0%B4%D1%96%D1%80%D0%B5%D0%BA%D1%82.%0A%0Afrom+user+%40andrey_ballakh+need+to+be+deleted HTTP/1.1" 200 1070
DEBUG:root:Step delete_message passed
DEBUG:urllib3.connectionpool:https://api.telegram.org:443 "GET /bot6894590485:AAH6DZrn9Choz21sw0a2F94ZX5Avle3jzfc/getUpdates?offset=372767620&timeout=20 HTTP/1.1" 200 987
DEBUG:root:Step check_if_ad passed
DEBUG:root:step check_text_and_data DUBLICATE passed
DEBUG:urllib3.connectionpool:https://api.telegram.org:443 "POST /bot6894590485:AAH6DZrn9Choz21sw0a2F94ZX5Avle3jzfc/sendMessage?chat_id=706728056&text=%D0%A0%D0%B5%D0%BA%D0%BB%D0%B0%D0%BC%D0%B0%21%0A%D0%92%D1%81%D1%96%D0%BC+%D0%BF%D1%80%D0%B8%D0%B2%D1%96%D1%82%21+%D0%9F%D1%80%D0%BE%D0%B4%D0%B0%D1%8E+%D0%BA%D1%83%D1%88%D0%B5%D1%82%D0%BA%D1%83%2C+%D0%B1%D1%83%D0%BB%D0%B0+%D0%BC%D0%B0%D0%BB%D0%BE+%D0%B2+%D0%B2%D0%B8%D0%BA%D0%BE%D1%80%D0%B8%D1%81%D1%82%D0%B0%D0%BD%D0%BD%D1%96%2C+%D1%8F%D0%BA+%D0%BD%D0%BE%D0%B2%D0%B0.+%D0%A3+%D0%BC%D0%B5%D0%BD%D0%B5+2%2C+%D0%BE%D0%B4%D0%BD%D1%83+%D0%BF%D1%80%D0%BE%D0%B4%D0%B0%D1%8E+%D0%B2+%D0%B4%D0%BE%D0%B1%D1%80%D1%96+%D1%80%D1%83%D0%BA%D0%B8.%C2%A0+%D0%9A%D0%BE%D0%B3%D0%BE+%D1%86%D1%96%D0%BA%D0%B0%D0%B2%D0%B8%D1%82%D1%8C+%D0%BF%D0%B8%D1%82%D0%B0%D0%BD%D0%BD%D1%8F+%D0%B2+%D0%B4%D1%96%D1%80%D0%B5%D0%BA%D1%82.%0A%0Afrom+user+%40andrey_ballakh+need+to+be+deleted HTTP/1.1" 200 1070
DEBUG:root:Step delete_message passed
DEBUG:urllib3.connectionpool:https://api.telegram.org:443 "GET /bot6894590485:AAH6DZrn9Choz21sw0a2F94ZX5Avle3jzfc/getUpdates?offset=372767621&timeout=20 HTTP/1.1" 200 987
DEBUG:root:Step check_if_ad passed
DEBUG:root:step check_text_and_data DUBLICATE passed
DEBUG:urllib3.connectionpool:https://api.telegram.org:443 "POST /bot6894590485:AAH6DZrn9Choz21sw0a2F94ZX5Avle3jzfc/sendMessage?chat_id=706728056&text=%D0%A0%D0%B5%D0%BA%D0%BB%D0%B0%D0%BC%D0%B0%21%0A%D0%92%D1%81%D1%96%D0%BC+%D0%BF%D1%80%D0%B8%D0%B2%D1%96%D1%82%21+%D0%9F%D1%80%D0%BE%D0%B4%D0%B0%D1%8E+%D0%BA%D1%83%D1%88%D0%B5%D1%82%D0%BA%D1%83%2C+%D0%B1%D1%83%D0%BB%D0%B0+%D0%BC%D0%B0%D0%BB%D0%BE+%D0%B2+%D0%B2%D0%B8%D0%BA%D0%BE%D1%80%D0%B8%D1%81%D1%82%D0%B0%D0%BD%D0%BD%D1%96%2C+%D1%8F%D0%BA+%D0%BD%D0%BE%D0%B2%D0%B0.+%D0%A3+%D0%BC%D0%B5%D0%BD%D0%B5+2%2C+%D0%BE%D0%B4%D0%BD%D1%83+%D0%BF%D1%80%D0%BE%D0%B4%D0%B0%D1%8E+%D0%B2+%D0%B4%D0%BE%D0%B1%D1%80%D1%96+%D1%80%D1%83%D0%BA%D0%B8.%C2%A0+%D0%9A%D0%BE%D0%B3%D0%BE+%D1%86%D1%96%D0%BA%D0%B0%D0%B2%D0%B8%D1%82%D1%8C+%D0%BF%D0%B8%D1%82%D0%B0%D0%BD%D0%BD%D1%8F+%D0%B2+%D0%B4%D1%96%D1%80%D0%B5%D0%BA%D1%82.%0A%0Afrom+user+%40andrey_ballakh+need+to+be+deleted HTTP/1.1" 200 1070
DEBUG:root:Step delete_message passed
DEBUG:urllib3.connectionpool:https://api.telegram.org:443 "GET /bot6894590485:AAH6DZrn9Choz21sw0a2F94ZX5Avle3jzfc/getUpdates?offset=372767622&timeout=20 HTTP/1.1" 200 987
DEBUG:root:Step check_if_ad passed
DEBUG:root:step check_text_and_data DUBLICATE passed
DEBUG:urllib3.connectionpool:https://api.telegram.org:443 "POST /bot6894590485:AAH6DZrn9Choz21sw0a2F94ZX5Avle3jzfc/sendMessage?chat_id=706728056&text=%D0%A0%D0%B5%D0%BA%D0%BB%D0%B0%D0%BC%D0%B0%21%0A%D0%92%D1%81%D1%96%D0%BC+%D0%BF%D1%80%D0%B8%D0%B2%D1%96%D1%82%21+%D0%9F%D1%80%D0%BE%D0%B4%D0%B0%D1%8E+%D0%BA%D1%83%D1%88%D0%B5%D1%82%D0%BA%D1%83%2C+%D0%B1%D1%83%D0%BB%D0%B0+%D0%BC%D0%B0%D0%BB%D0%BE+%D0%B2+%D0%B2%D0%B8%D0%BA%D0%BE%D1%80%D0%B8%D1%81%D1%82%D0%B0%D0%BD%D0%BD%D1%96%2C+%D1%8F%D0%BA+%D0%BD%D0%BE%D0%B2%D0%B0.+%D0%A3+%D0%BC%D0%B5%D0%BD%D0%B5+2%2C+%D0%BE%D0%B4%D0%BD%D1%83+%D0%BF%D1%80%D0%BE%D0%B4%D0%B0%D1%8E+%D0%B2+%D0%B4%D0%BE%D0%B1%D1%80%D1%96+%D1%80%D1%83%D0%BA%D0%B8.%C2%A0+%D0%9A%D0%BE%D0%B3%D0%BE+%D1%86%D1%96%D0%BA%D0%B0%D0%B2%D0%B8%D1%82%D1%8C+%D0%BF%D0%B8%D1%82%D0%B0%D0%BD%D0%BD%D1%8F+%D0%B2+%D0%B4%D1%96%D1%80%D0%B5%D0%BA%D1%82.%0A%0Afrom+user+%40andrey_ballakh+need+to+be+deleted HTTP/1.1" 200 1070
DEBUG:root:Step delete_message passed
DEBUG:urllib3.connectionpool:https://api.telegram.org:443 "GET /bot6894590485:AAH6DZrn9Choz21sw0a2F94ZX5Avle3jzfc/getUpdates?offset=372767623&timeout=20 HTTP/1.1" 200 987
DEBUG:root:Step check_if_ad passed
DEBUG:root:step check_text_and_data DUBLICATE passed
DEBUG:urllib3.connectionpool:https://api.telegram.org:443 "POST /bot6894590485:AAH6DZrn9Choz21sw0a2F94ZX5Avle3jzfc/sendMessage?chat_id=706728056&text=%D0%A0%D0%B5%D0%BA%D0%BB%D0%B0%D0%BC%D0%B0%21%0A%D0%92%D1%81%D1%96%D0%BC+%D0%BF%D1%80%D0%B8%D0%B2%D1%96%D1%82%21+%D0%9F%D1%80%D0%BE%D0%B4%D0%B0%D1%8E+%D0%BA%D1%83%D1%88%D0%B5%D1%82%D0%BA%D1%83%2C+%D0%B1%D1%83%D0%BB%D0%B0+%D0%BC%D0%B0%D0%BB%D0%BE+%D0%B2+%D0%B2%D0%B8%D0%BA%D0%BE%D1%80%D0%B8%D1%81%D1%82%D0%B0%D0%BD%D0%BD%D1%96%2C+%D1%8F%D0%BA+%D0%BD%D0%BE%D0%B2%D0%B0.+%D0%A3+%D0%BC%D0%B5%D0%BD%D0%B5+2%2C+%D0%BE%D0%B4%D0%BD%D1%83+%D0%BF%D1%80%D0%BE%D0%B4%D0%B0%D1%8E+%D0%B2+%D0%B4%D0%BE%D0%B1%D1%80%D1%96+%D1%80%D1%83%D0%BA%D0%B8.%C2%A0+%D0%9A%D0%BE%D0%B3%D0%BE+%D1%86%D1%96%D0%BA%D0%B0%D0%B2%D0%B8%D1%82%D1%8C+%D0%BF%D0%B8%D1%82%D0%B0%D0%BD%D0%BD%D1%8F+%D0%B2+%D0%B4%D1%96%D1%80%D0%B5%D0%BA%D1%82.%0A%0Afrom+user+%40andrey_ballakh+need+to+be+deleted HTTP/1.1" 200 1070
DEBUG:root:Step delete_message passed
DEBUG:urllib3.connectionpool:https://api.telegram.org:443 "GET /bot6894590485:AAH6DZrn9Choz21sw0a2F94ZX5Avle3jzfc/getUpdates?offset=372767624&timeout=20 HTTP/1.1" 200 987
DEBUG:root:Step check_if_ad passed
DEBUG:root:step check_text_and_data DUBLICATE passed
DEBUG:urllib3.connectionpool:https://api.telegram.org:443 "POST /bot6894590485:AAH6DZrn9Choz21sw0a2F94ZX5Avle3jzfc/sendMessage?chat_id=706728056&text=%D0%A0%D0%B5%D0%BA%D0%BB%D0%B0%D0%BC%D0%B0%21%0A%D0%92%D1%81%D1%96%D0%BC+%D0%BF%D1%80%D0%B8%D0%B2%D1%96%D1%82%21+%D0%9F%D1%80%D0%BE%D0%B4%D0%B0%D1%8E+%D0%BA%D1%83%D1%88%D0%B5%D1%82%D0%BA%D1%83%2C+%D0%B1%D1%83%D0%BB%D0%B0+%D0%BC%D0%B0%D0%BB%D0%BE+%D0%B2+%D0%B2%D0%B8%D0%BA%D0%BE%D1%80%D0%B8%D1%81%D1%82%D0%B0%D0%BD%D0%BD%D1%96%2C+%D1%8F%D0%BA+%D0%BD%D0%BE%D0%B2%D0%B0.+%D0%A3+%D0%BC%D0%B5%D0%BD%D0%B5+2%2C+%D0%BE%D0%B4%D0%BD%D1%83+%D0%BF%D1%80%D0%BE%D0%B4%D0%B0%D1%8E+%D0%B2+%D0%B4%D0%BE%D0%B1%D1%80%D1%96+%D1%80%D1%83%D0%BA%D0%B8.%C2%A0+%D0%9A%D0%BE%D0%B3%D0%BE+%D1%86%D1%96%D0%BA%D0%B0%D0%B2%D0%B8%D1%82%D1%8C+%D0%BF%D0%B8%D1%82%D0%B0%D0%BD%D0%BD%D1%8F+%D0%B2+%D0%B4%D1%96%D1%80%D0%B5%D0%BA%D1%82.%0A%0Afrom+user+%40andrey_ballakh+need+to+be+deleted HTTP/1.1" 200 1070
DEBUG:root:Step delete_message passed
DEBUG:urllib3.connectionpool:https://api.telegram.org:443 "GET /bot6894590485:AAH6DZrn9Choz21sw0a2F94ZX5Avle3jzfc/getUpdates?offset=372767625&timeout=20 HTTP/1.1" 200 987
DEBUG:root:Step check_if_ad passed
DEBUG:root:step check_text_and_data DUBLICATE passed
DEBUG:urllib3.connectionpool:https://api.telegram.org:443 "POST /bot6894590485:AAH6DZrn9Choz21sw0a2F94ZX5Avle3jzfc/sendMessage?chat_id=706728056&text=%D0%A0%D0%B5%D0%BA%D0%BB%D0%B0%D0%BC%D0%B0%21%0A%D0%92%D1%81%D1%96%D0%BC+%D0%BF%D1%80%D0%B8%D0%B2%D1%96%D1%82%21+%D0%9F%D1%80%D0%BE%D0%B4%D0%B0%D1%8E+%D0%BA%D1%83%D1%88%D0%B5%D1%82%D0%BA%D1%83%2C+%D0%B1%D1%83%D0%BB%D0%B0+%D0%BC%D0%B0%D0%BB%D0%BE+%D0%B2+%D0%B2%D0%B8%D0%BA%D0%BE%D1%80%D0%B8%D1%81%D1%82%D0%B0%D0%BD%D0%BD%D1%96%2C+%D1%8F%D0%BA+%D0%BD%D0%BE%D0%B2%D0%B0.+%D0%A3+%D0%BC%D0%B5%D0%BD%D0%B5+2%2C+%D0%BE%D0%B4%D0%BD%D1%83+%D0%BF%D1%80%D0%BE%D0%B4%D0%B0%D1%8E+%D0%B2+%D0%B4%D0%BE%D0%B1%D1%80%D1%96+%D1%80%D1%83%D0%BA%D0%B8.%C2%A0+%D0%9A%D0%BE%D0%B3%D0%BE+%D1%86%D1%96%D0%BA%D0%B0%D0%B2%D0%B8%D1%82%D1%8C+%D0%BF%D0%B8%D1%82%D0%B0%D0%BD%D0%BD%D1%8F+%D0%B2+%D0%B4%D1%96%D1%80%D0%B5%D0%BA%D1%82.%0A%0Afrom+user+%40andrey_ballakh+need+to+be+deleted HTTP/1.1" 200 1070
DEBUG:root:Step delete_message passed
DEBUG:urllib3.connectionpool:https://api.telegram.org:443 "GET /bot6894590485:AAH6DZrn9Choz21sw0a2F94ZX5Avle3jzfc/getUpdates?offset=372767626&timeout=20 HTTP/1.1" 200 986
DEBUG:root:Step check_if_ad passed
DEBUG:urllib3.connectionpool:https://api.telegram.org:443 "GET /bot6894590485:AAH6DZrn9Choz21sw0a2F94ZX5Avle3jzfc/getUpdates?offset=372767627&timeout=20 HTTP/1.1" 200 987
DEBUG:root:Step check_if_ad passed
DEBUG:root:step check_text_and_data DUBLICATE passed
DEBUG:urllib3.connectionpool:https://api.telegram.org:443 "POST /bot6894590485:AAH6DZrn9Choz21sw0a2F94ZX5Avle3jzfc/sendMessage?chat_id=706728056&text=%D0%A0%D0%B5%D0%BA%D0%BB%D0%B0%D0%BC%D0%B0%21%0A%D0%92%D1%81%D1%96%D0%BC+%D0%BF%D1%80%D0%B8%D0%B2%D1%96%D1%82%21+%D0%9F%D1%80%D0%BE%D0%B4%D0%B0%D1%8E+%D0%BA%D1%83%D1%88%D0%B5%D1%82%D0%BA%D1%83%2C+%D0%B1%D1%83%D0%BB%D0%B0+%D0%BC%D0%B0%D0%BB%D0%BE+%D0%B2+%D0%B2%D0%B8%D0%BA%D0%BE%D1%80%D0%B8%D1%81%D1%82%D0%B0%D0%BD%D0%BD%D1%96%2C+%D1%8F%D0%BA+%D0%BD%D0%BE%D0%B2%D0%B0.+%D0%A3+%D0%BC%D0%B5%D0%BD%D0%B5+2%2C+%D0%BE%D0%B4%D0%BD%D1%83+%D0%BF%D1%80%D0%BE%D0%B4%D0%B0%D1%8E+%D0%B2+%D0%B4%D0%BE%D0%B1%D1%80%D1%96+%D1%80%D1%83%D0%BA%D0%B8.%C2%A0+%D0%9A%D0%BE%D0%B3%D0%BE+%D1%86%D1%96%D0%BA%D0%B0%D0%B2%D0%B8%D1%82%D1%8C+%D0%BF%D0%B8%D1%82%D0%B0%D0%BD%D0%BD%D1%8F+%D0%B2+%D0%B4%D1%96%D1%80%D0%B5%D0%BA%D1%82.%0A%0Afrom+user+%40andrey_ballakh+need+to+be+deleted HTTP/1.1" 200 1070
DEBUG:root:Step delete_message passed
DEBUG:urllib3.connectionpool:https://api.telegram.org:443 "GET /bot6894590485:AAH6DZrn9Choz21sw0a2F94ZX5Avle3jzfc/getUpdates?offset=372767628&timeout=20 HTTP/1.1" 200 987
DEBUG:root:Step check_if_ad passed
DEBUG:root:step check_text_and_data DUBLICATE passed
DEBUG:urllib3.connectionpool:https://api.telegram.org:443 "POST /bot6894590485:AAH6DZrn9Choz21sw0a2F94ZX5Avle3jzfc/sendMessage?chat_id=706728056&text=%D0%A0%D0%B5%D0%BA%D0%BB%D0%B0%D0%BC%D0%B0%21%0A%D0%92%D1%81%D1%96%D0%BC+%D0%BF%D1%80%D0%B8%D0%B2%D1%96%D1%82%21+%D0%9F%D1%80%D0%BE%D0%B4%D0%B0%D1%8E+%D0%BA%D1%83%D1%88%D0%B5%D1%82%D0%BA%D1%83%2C+%D0%B1%D1%83%D0%BB%D0%B0+%D0%BC%D0%B0%D0%BB%D0%BE+%D0%B2+%D0%B2%D0%B8%D0%BA%D0%BE%D1%80%D0%B8%D1%81%D1%82%D0%B0%D0%BD%D0%BD%D1%96%2C+%D1%8F%D0%BA+%D0%BD%D0%BE%D0%B2%D0%B0.+%D0%A3+%D0%BC%D0%B5%D0%BD%D0%B5+2%2C+%D0%BE%D0%B4%D0%BD%D1%83+%D0%BF%D1%80%D0%BE%D0%B4%D0%B0%D1%8E+%D0%B2+%D0%B4%D0%BE%D0%B1%D1%80%D1%96+%D1%80%D1%83%D0%BA%D0%B8.%C2%A0+%D0%9A%D0%BE%D0%B3%D0%BE+%D1%86%D1%96%D0%BA%D0%B0%D0%B2%D0%B8%D1%82%D1%8C+%D0%BF%D0%B8%D1%82%D0%B0%D0%BD%D0%BD%D1%8F+%D0%B2+%D0%B4%D1%96%D1%80%D0%B5%D0%BA%D1%82.%0A%0Afrom+user+%40andrey_ballakh+need+to+be+deleted HTTP/1.1" 200 1070
DEBUG:root:Step delete_message passed
DEBUG:urllib3.connectionpool:https://api.telegram.org:443 "GET /bot6894590485:AAH6DZrn9Choz21sw0a2F94ZX5Avle3jzfc/getUpdates?offset=372767629&timeout=20 HTTP/1.1" 200 987
DEBUG:root:Step check_if_ad passed
DEBUG:root:step check_text_and_data DUBLICATE passed
DEBUG:urllib3.connectionpool:https://api.telegram.org:443 "POST /bot6894590485:AAH6DZrn9Choz21sw0a2F94ZX5Avle3jzfc/sendMessage?chat_id=706728056&text=%D0%A0%D0%B5%D0%BA%D0%BB%D0%B0%D0%BC%D0%B0%21%0A%D0%92%D1%81%D1%96%D0%BC+%D0%BF%D1%80%D0%B8%D0%B2%D1%96%D1%82%21+%D0%9F%D1%80%D0%BE%D0%B4%D0%B0%D1%8E+%D0%BA%D1%83%D1%88%D0%B5%D1%82%D0%BA%D1%83%2C+%D0%B1%D1%83%D0%BB%D0%B0+%D0%BC%D0%B0%D0%BB%D0%BE+%D0%B2+%D0%B2%D0%B8%D0%BA%D0%BE%D1%80%D0%B8%D1%81%D1%82%D0%B0%D0%BD%D0%BD%D1%96%2C+%D1%8F%D0%BA+%D0%BD%D0%BE%D0%B2%D0%B0.+%D0%A3+%D0%BC%D0%B5%D0%BD%D0%B5+2%2C+%D0%BE%D0%B4%D0%BD%D1%83+%D0%BF%D1%80%D0%BE%D0%B4%D0%B0%D1%8E+%D0%B2+%D0%B4%D0%BE%D0%B1%D1%80%D1%96+%D1%80%D1%83%D0%BA%D0%B8.%C2%A0+%D0%9A%D0%BE%D0%B3%D0%BE+%D1%86%D1%96%D0%BA%D0%B0%D0%B2%D0%B8%D1%82%D1%8C+%D0%BF%D0%B8%D1%82%D0%B0%D0%BD%D0%BD%D1%8F+%D0%B2+%D0%B4%D1%96%D1%80%D0%B5%D0%BA%D1%82.%0A%0Afrom+user+%40andrey_ballakh+need+to+be+deleted HTTP/1.1" 200 1070
DEBUG:root:Step delete_message passed
DEBUG:urllib3.connectionpool:https://api.telegram.org:443 "GET /bot6894590485:AAH6DZrn9Choz21sw0a2F94ZX5Avle3jzfc/getUpdates?offset=372767630&timeout=20 HTTP/1.1" 200 987
DEBUG:root:Step check_if_ad passed
DEBUG:root:step check_text_and_data DUBLICATE passed
DEBUG:urllib3.connectionpool:https://api.telegram.org:443 "POST /bot6894590485:AAH6DZrn9Choz21sw0a2F94ZX5Avle3jzfc/sendMessage?chat_id=706728056&text=%D0%A0%D0%B5%D0%BA%D0%BB%D0%B0%D0%BC%D0%B0%21%0A%D0%92%D1%81%D1%96%D0%BC+%D0%BF%D1%80%D0%B8%D0%B2%D1%96%D1%82%21+%D0%9F%D1%80%D0%BE%D0%B4%D0%B0%D1%8E+%D0%BA%D1%83%D1%88%D0%B5%D1%82%D0%BA%D1%83%2C+%D0%B1%D1%83%D0%BB%D0%B0+%D0%BC%D0%B0%D0%BB%D0%BE+%D0%B2+%D0%B2%D0%B8%D0%BA%D0%BE%D1%80%D0%B8%D1%81%D1%82%D0%B0%D0%BD%D0%BD%D1%96%2C+%D1%8F%D0%BA+%D0%BD%D0%BE%D0%B2%D0%B0.+%D0%A3+%D0%BC%D0%B5%D0%BD%D0%B5+2%2C+%D0%BE%D0%B4%D0%BD%D1%83+%D0%BF%D1%80%D0%BE%D0%B4%D0%B0%D1%8E+%D0%B2+%D0%B4%D0%BE%D0%B1%D1%80%D1%96+%D1%80%D1%83%D0%BA%D0%B8.%C2%A0+%D0%9A%D0%BE%D0%B3%D0%BE+%D1%86%D1%96%D0%BA%D0%B0%D0%B2%D0%B8%D1%82%D1%8C+%D0%BF%D0%B8%D1%82%D0%B0%D0%BD%D0%BD%D1%8F+%D0%B2+%D0%B4%D1%96%D1%80%D0%B5%D0%BA%D1%82.%0A%0Afrom+user+%40andrey_ballakh+need+to+be+deleted HTTP/1.1" 200 1070
DEBUG:root:Step delete_message passed
DEBUG:urllib3.connectionpool:https://api.telegram.org:443 "GET /bot6894590485:AAH6DZrn9Choz21sw0a2F94ZX5Avle3jzfc/getUpdates?offset=372767631&timeout=20 HTTP/1.1" 200 987
DEBUG:root:Step check_if_ad passed
DEBUG:urllib3.connectionpool:https://api.telegram.org:443 "GET /bot6894590485:AAH6DZrn9Choz21sw0a2F94ZX5Avle3jzfc/getUpdates?offset=372767632&timeout=20 HTTP/1.1" 200 987
DEBUG:root:Step check_if_ad passed
DEBUG:urllib3.connectionpool:https://api.telegram.org:443 "GET /bot6894590485:AAH6DZrn9Choz21sw0a2F94ZX5Avle3jzfc/getUpdates?offset=372767633&timeout=20 HTTP/1.1" 200 987
DEBUG:root:Step check_if_ad passed
DEBUG:urllib3.connectionpool:https://api.telegram.org:443 "GET /bot6894590485:AAH6DZrn9Choz21sw0a2F94ZX5Avle3jzfc/getUpdates?offset=372767634&timeout=20 HTTP/1.1" 200 1676
DEBUG:root:Step check_if_ad passed
DEBUG:root:step check_text_and_data DUBLICATE passed
DEBUG:urllib3.connectionpool:https://api.telegram.org:443 "POST /bot6894590485:AAH6DZrn9Choz21sw0a2F94ZX5Avle3jzfc/sendMessage?chat_id=706728056&text=%D0%A0%D0%B5%D0%BA%D0%BB%D0%B0%D0%BC%D0%B0%21%0A%D0%92%D1%81%D1%96%D0%BC+%D0%BF%D1%80%D0%B8%D0%B2%D1%96%D1%82%21+%D0%9F%D1%80%D0%BE%D0%B4%D0%B0%D1%8E+%D0%BA%D1%83%D1%88%D0%B5%D1%82%D0%BA%D1%83%2C+%D0%B1%D1%83%D0%BB%D0%B0+%D0%BC%D0%B0%D0%BB%D0%BE+%D0%B2+%D0%B2%D0%B8%D0%BA%D0%BE%D1%80%D0%B8%D1%81%D1%82%D0%B0%D0%BD%D0%BD%D1%96%2C+%D1%8F%D0%BA+%D0%BD%D0%BE%D0%B2%D0%B0.+%D0%A3+%D0%BC%D0%B5%D0%BD%D0%B5+2%2C+%D0%BE%D0%B4%D0%BD%D1%83+%D0%BF%D1%80%D0%BE%D0%B4%D0%B0%D1%8E+%D0%B2+%D0%B4%D0%BE%D0%B1%D1%80%D1%96+%D1%80%D1%83%D0%BA%D0%B8.%C2%A0+%D0%9A%D0%BE%D0%B3%D0%BE+%D1%86%D1%96%D0%BA%D0%B0%D0%B2%D0%B8%D1%82%D1%8C+%D0%BF%D0%B8%D1%82%D0%B0%D0%BD%D0%BD%D1%8F+%D0%B2+%D0%B4%D1%96%D1%80%D0%B5%D0%BA%D1%82.%0A%D0%A0%D0%B5%D0%BA%D0%BB%D0%B0%D0%BC%D0%B0%21%0A%D0%92%D1%81%D1%96%D0%BC+%D0%BF%D1%80%D0%B8%D0%B2%D1%96%D1%82%21+%D0%9F%D1%80%D0%BE%D0%B4%D0%B0%D1%8E+%D0%BA%D1%83%D1%88%D0%B5%D1%82%D0%BA%D1%83%2C+%D0%B1%D1%83%D0%BB%D0%B0+%D0%BC%D0%B0%D0%BB%D0%BE+%D0%B2+%D0%B2%D0%B8%D0%BA%D0%BE%D1%80%D0%B8%D1%81%D1%82%D0%B0%D0%BD%D0%BD%D1%96%2C+%D1%8F%D0%BA+%D0%BD%D0%BE%D0%B2%D0%B0.+%D0%A3+%D0%BC%D0%B5%D0%BD%D0%B5+2%2C+%D0%BE%D0%B4%D0%BD%D1%83+%D0%BF%D1%80%D0%BE%D0%B4%D0%B0%D1%8E+%D0%B2+%D0%B4%D0%BE%D0%B1%D1%80%D1%96+%D1%80%D1%83%D0%BA%D0%B8.%C2%A0+%D0%9A%D0%BE%D0%B3%D0%BE+%D1%86%D1%96%D0%BA%D0%B0%D0%B2%D0%B8%D1%82%D1%8C+%D0%BF%D0%B8%D1%82%D0%B0%D0%BD%D0%BD%D1%8F+%D0%B2+%D0%B4%D1%96%D1%80%D0%B5%D0%BA%D1%82.%0A%0Afrom+user+%40andrey_ballakh+need+to+be+deleted HTTP/1.1" 200 1759
DEBUG:root:Step delete_message passed
DEBUG:urllib3.connectionpool:https://api.telegram.org:443 "GET /bot6894590485:AAH6DZrn9Choz21sw0a2F94ZX5Avle3jzfc/getUpdates?offset=372767635&timeout=20 HTTP/1.1" 200 23
DEBUG:urllib3.connectionpool:https://api.telegram.org:443 "GET /bot6894590485:AAH6DZrn9Choz21sw0a2F94ZX5Avle3jzfc/getUpdates?offset=372767635&timeout=20 HTTP/1.1" 200 23
DEBUG:urllib3.connectionpool:https://api.telegram.org:443 "GET /bot6894590485:AAH6DZrn9Choz21sw0a2F94ZX5Avle3jzfc/getUpdates?offset=372767635&timeout=20 HTTP/1.1" 200 23
DEBUG:urllib3.connectionpool:https://api.telegram.org:443 "GET /bot6894590485:AAH6DZrn9Choz21sw0a2F94ZX5Avle3jzfc/getUpdates?offset=372767635&timeout=20 HTTP/1.1" 200 23
DEBUG:urllib3.connectionpool:https://api.telegram.org:443 "GET /bot6894590485:AAH6DZrn9Choz21sw0a2F94ZX5Avle3jzfc/getUpdates?offset=372767635&timeout=20 HTTP/1.1" 200 23
DEBUG:urllib3.connectionpool:https://api.telegram.org:443 "GET /bot6894590485:AAH6DZrn9Choz21sw0a2F94ZX5Avle3jzfc/getUpdates?offset=372767635&timeout=20 HTTP/1.1" 200 23
DEBUG:urllib3.connectionpool:https://api.telegram.org:443 "GET /bot6894590485:AAH6DZrn9Choz21sw0a2F94ZX5Avle3jzfc/getUpdates?offset=372767635&timeout=20 HTTP/1.1" 200 23
DEBUG:urllib3.connectionpool:https://api.telegram.org:443 "GET /bot6894590485:AAH6DZrn9Choz21sw0a2F94ZX5Avle3jzfc/getUpdates?offset=372767635&timeout=20 HTTP/1.1" 200 23
DEBUG:urllib3.connectionpool:https://api.telegram.org:443 "GET /bot6894590485:AAH6DZrn9Choz21sw0a2F94ZX5Avle3jzfc/getUpdates?offset=372767635&timeout=20 HTTP/1.1" 200 23
DEBUG:urllib3.connectionpool:https://api.telegram.org:443 "GET /bot6894590485:AAH6DZrn9Choz21sw0a2F94ZX5Avle3jzfc/getUpdates?offset=372767635&timeout=20 HTTP/1.1" 200 23
DEBUG:urllib3.connectionpool:https://api.telegram.org:443 "GET /bot6894590485:AAH6DZrn9Choz21sw0a2F94ZX5Avle3jzfc/getUpdates?offset=372767635&timeout=20 HTTP/1.1" 200 23
